------------------------------------
--- File created by Amnesia tool ---
------------------------------------


----------------------------------
--- Architecture Configuration ---
----------------------------------

--- Main Memory ---

Memory size: 8 word(s) 
Block size: 1 word(s)/block 
Cycles per access read: 1 unity 
Cycles per access write: 2 unity 
Time cycle: 10 time unity 

--- Virtual Memory ---
Page size: 2 word(s) 
Replacement algorithm: FIFO 

---      Disk     ---
Memory size: 8 word(s) 
Cycles per access read: 1 unity 
Cycles per access write: 2 unity 
Time cycle: 100 time unity 

---       TLB      ---
Memory size: 4 Frame Page(s) 
Cycles per access read: 1 unity 
Cycles per access write: 2 unity 
Time cycle: 1 time unity 
Replacement algorithm: FIFO 

-------------------------
---       Trace       ---
-------------------------

2 1
2 5
2 1
2 2
2 7
2 2
2 1
2 2
2 6
2 4
2 2
2 5
2 7
2 1
2 4
2 7
2 7
2 4
2 5
2 1
2 2
2 7
2 1
2 7
2 2
2 4
2 6
2 1
2 7
2 8

------------------------------
---      Execution Log     ---
------------------------------

Location: MAINMEMORY
Action = Stored data in Main Memory  
Block = 0 


Location: MAINMEMORY
Action = Stored data in Main Memory  
Block = 1 


Location: MAINMEMORY
Action = Stored data in Main Memory  
Block = 2 


Location: MAINMEMORY
Action = Stored data in Main Memory  
Block = 3 


Location: MAINMEMORY
Action = Stored data in Main Memory  
Block = 4 


Location: MAINMEMORY
Action = Stored data in Main Memory  
Block = 5 


Location: MAINMEMORY
Action = Stored data in Main Memory  
Block = 6 


Location: MAINMEMORY
Action = Stored data in Main Memory  
Block = 7 


Location: DISK
Action = Storing page in Disk 
Address = 0x00000000 - Page 0


Location: DISK
Action = Storing page in Disk 
Address = 0x00000002 - Page 1


Location: DISK
Action = Storing page in Disk 
Address = 0x00000004 - Page 2


Location: DISK
Action = Storing page in Disk 
Address = 0x00000006 - Page 3


----------------------- Step: 001 to 030 || Trace: 2 1 -----------------------

-----------------------    Beginning of translation   -----------------------

Location: TLB
Action = load operation - Access Type = miss
Cache Type = Accessing TLB
|---------------------------------------------------------------------------------------|
|                                |                    |   Word  |     Page    |   Byte  |
|               Tag              |         Set        |  OffSet |    OffSet   |  OffSet |
|---------------------------------------------------------------------------------------|
|   00000000000000000000000000000|                 ---|      ---|            1|      XX |
|---------------------------------------------------------------------------------------|
|                         29 bits|              0 bits|   0 bits|       1 bits|   2 bits|
|---------------------------------------------------------------------------------------|

Location: PAGETABLE
Action = loading data in the Page Table 
Virtual Page = 0x00000000

Location: TRANSLATION
Action = Translation Address  - Using = Page Table
|----------------------------------------------------|     |----------------------------------------------------|
|                  Virtual Address                   |     |                    Real Address                    |
|----------------------------------------------------|     |----------------------------------------------------|
|        Virtual Page          |PageOffSet|ByteOffSet| --> |           Frame Page         |PageOffSet|ByteOffSet|
|------------------------------|----------|----------|     |-----------------------------------------|----------|
| 00000000000000000000000000000|         1|       XX |     | 00000000000000000000000000010|         1|       XX |
|----------------------------------------------------|     |----------------------------------------------------|


Location: TLB
Action = Store Operation - Access Type = miss
Cache Type = TLB
|---------------------------------------------------------------------------------------|
|                                |                    |   Word  |     Page    |   Byte  |
|               Tag              |         Set        |  OffSet |    OffSet   |  OffSet |
|---------------------------------------------------------------------------------------|
|   00000000000000000000000000000|                 ---|      ---|            1|      XX |
|---------------------------------------------------------------------------------------|
|                         29 bits|              0 bits|   0 bits|       1 bits|   2 bits|
|---------------------------------------------------------------------------------------|

-----------------------       End of translation        -----------------------

Location: MAINMEMORY
Action = Loading data from Main Memory  
Block = 5 


----------------------- Step: 002 to 030 || Trace: 2 5 -----------------------

-----------------------    Beginning of translation   -----------------------

Location: TLB
Action = load operation - Access Type = miss
Cache Type = Accessing TLB
|---------------------------------------------------------------------------------------|
|                                |                    |   Word  |     Page    |   Byte  |
|               Tag              |         Set        |  OffSet |    OffSet   |  OffSet |
|---------------------------------------------------------------------------------------|
|   00000000000000000000000000010|                 ---|      ---|            1|      XX |
|---------------------------------------------------------------------------------------|
|                         29 bits|              0 bits|   0 bits|       1 bits|   2 bits|
|---------------------------------------------------------------------------------------|

Location: PAGETABLE
Action = loading data in the Page Table 
Virtual Page = 0x00000002

Location: TRANSLATION
Action = Translation Address  - Using = Page Table
|----------------------------------------------------|     |----------------------------------------------------|
|                  Virtual Address                   |     |                    Real Address                    |
|----------------------------------------------------|     |----------------------------------------------------|
|        Virtual Page          |PageOffSet|ByteOffSet| --> |           Frame Page         |PageOffSet|ByteOffSet|
|------------------------------|----------|----------|     |-----------------------------------------|----------|
| 00000000000000000000000000010|         1|       XX |     | 00000000000000000000000000000|         1|       XX |
|----------------------------------------------------|     |----------------------------------------------------|


Location: TLB
Action = Store Operation - Access Type = miss
Cache Type = TLB
|---------------------------------------------------------------------------------------|
|                                |                    |   Word  |     Page    |   Byte  |
|               Tag              |         Set        |  OffSet |    OffSet   |  OffSet |
|---------------------------------------------------------------------------------------|
|   00000000000000000000000000010|                 ---|      ---|            1|      XX |
|---------------------------------------------------------------------------------------|
|                         29 bits|              0 bits|   0 bits|       1 bits|   2 bits|
|---------------------------------------------------------------------------------------|

-----------------------       End of translation        -----------------------

Location: MAINMEMORY
Action = Loading data from Main Memory  
Block = 1 


----------------------- Step: 003 to 030 || Trace: 2 1 -----------------------

-----------------------    Beginning of translation   -----------------------

Location: TLB
Action = load operation - Access Type = hit
Cache Type = Accessing TLB
|---------------------------------------------------------------------------------------|
|                                |                    |   Word  |     Page    |   Byte  |
|               Tag              |         Set        |  OffSet |    OffSet   |  OffSet |
|---------------------------------------------------------------------------------------|
|   00000000000000000000000000000|                 ---|      ---|            1|      XX |
|---------------------------------------------------------------------------------------|
|                         29 bits|              0 bits|   0 bits|       1 bits|   2 bits|
|---------------------------------------------------------------------------------------|

Location: TRANSLATION
Action = Translation Address  - Using = TLB
|----------------------------------------------------|     |----------------------------------------------------|
|                  Virtual Address                   |     |                    Real Address                    |
|----------------------------------------------------|     |----------------------------------------------------|
|        Virtual Page          |PageOffSet|ByteOffSet| --> |           Frame Page         |PageOffSet|ByteOffSet|
|------------------------------|----------|----------|     |-----------------------------------------|----------|
| 00000000000000000000000000000|         1|       XX |     | 00000000000000000000000000010|         1|       XX |
|----------------------------------------------------|     |----------------------------------------------------|


-----------------------       End of translation        -----------------------

Location: MAINMEMORY
Action = Loading data from Main Memory  
Block = 5 


----------------------- Step: 004 to 030 || Trace: 2 2 -----------------------

-----------------------    Beginning of translation   -----------------------

Location: TLB
Action = load operation - Access Type = miss
Cache Type = Accessing TLB
|---------------------------------------------------------------------------------------|
|                                |                    |   Word  |     Page    |   Byte  |
|               Tag              |         Set        |  OffSet |    OffSet   |  OffSet |
|---------------------------------------------------------------------------------------|
|   00000000000000000000000000001|                 ---|      ---|            0|      XX |
|---------------------------------------------------------------------------------------|
|                         29 bits|              0 bits|   0 bits|       1 bits|   2 bits|
|---------------------------------------------------------------------------------------|

Location: PAGETABLE
Action = loading data in the Page Table 
Virtual Page = 0x00000001

Location: TRANSLATION
Action = Translation Address  - Using = Page Table
|----------------------------------------------------|     |----------------------------------------------------|
|                  Virtual Address                   |     |                    Real Address                    |
|----------------------------------------------------|     |----------------------------------------------------|
|        Virtual Page          |PageOffSet|ByteOffSet| --> |           Frame Page         |PageOffSet|ByteOffSet|
|------------------------------|----------|----------|     |-----------------------------------------|----------|
| 00000000000000000000000000001|         0|       XX |     | 00000000000000000000000000011|         0|       XX |
|----------------------------------------------------|     |----------------------------------------------------|


Location: TLB
Action = Store Operation - Access Type = miss
Cache Type = TLB
|---------------------------------------------------------------------------------------|
|                                |                    |   Word  |     Page    |   Byte  |
|               Tag              |         Set        |  OffSet |    OffSet   |  OffSet |
|---------------------------------------------------------------------------------------|
|   00000000000000000000000000001|                 ---|      ---|            0|      XX |
|---------------------------------------------------------------------------------------|
|                         29 bits|              0 bits|   0 bits|       1 bits|   2 bits|
|---------------------------------------------------------------------------------------|

-----------------------       End of translation        -----------------------

Location: MAINMEMORY
Action = Loading data from Main Memory  
Block = 6 


----------------------- Step: 005 to 030 || Trace: 2 7 -----------------------

-----------------------    Beginning of translation   -----------------------

Location: TLB
Action = load operation - Access Type = miss
Cache Type = Accessing TLB
|---------------------------------------------------------------------------------------|
|                                |                    |   Word  |     Page    |   Byte  |
|               Tag              |         Set        |  OffSet |    OffSet   |  OffSet |
|---------------------------------------------------------------------------------------|
|   00000000000000000000000000011|                 ---|      ---|            1|      XX |
|---------------------------------------------------------------------------------------|
|                         29 bits|              0 bits|   0 bits|       1 bits|   2 bits|
|---------------------------------------------------------------------------------------|

Location: PAGETABLE
Action = loading data in the Page Table 
Virtual Page = 0x00000003

Location: TRANSLATION
Action = Translation Address  - Using = Page Table
|----------------------------------------------------|     |----------------------------------------------------|
|                  Virtual Address                   |     |                    Real Address                    |
|----------------------------------------------------|     |----------------------------------------------------|
|        Virtual Page          |PageOffSet|ByteOffSet| --> |           Frame Page         |PageOffSet|ByteOffSet|
|------------------------------|----------|----------|     |-----------------------------------------|----------|
| 00000000000000000000000000011|         1|       XX |     | 00000000000000000000000000001|         1|       XX |
|----------------------------------------------------|     |----------------------------------------------------|


Location: TLB
Action = Store Operation - Access Type = miss
Cache Type = TLB
|---------------------------------------------------------------------------------------|
|                                |                    |   Word  |     Page    |   Byte  |
|               Tag              |         Set        |  OffSet |    OffSet   |  OffSet |
|---------------------------------------------------------------------------------------|
|   00000000000000000000000000011|                 ---|      ---|            1|      XX |
|---------------------------------------------------------------------------------------|
|                         29 bits|              0 bits|   0 bits|       1 bits|   2 bits|
|---------------------------------------------------------------------------------------|

-----------------------       End of translation        -----------------------

Location: MAINMEMORY
Action = Loading data from Main Memory  
Block = 3 


----------------------- Step: 006 to 030 || Trace: 2 2 -----------------------

-----------------------    Beginning of translation   -----------------------

Location: TLB
Action = load operation - Access Type = hit
Cache Type = Accessing TLB
|---------------------------------------------------------------------------------------|
|                                |                    |   Word  |     Page    |   Byte  |
|               Tag              |         Set        |  OffSet |    OffSet   |  OffSet |
|---------------------------------------------------------------------------------------|
|   00000000000000000000000000001|                 ---|      ---|            0|      XX |
|---------------------------------------------------------------------------------------|
|                         29 bits|              0 bits|   0 bits|       1 bits|   2 bits|
|---------------------------------------------------------------------------------------|

Location: TRANSLATION
Action = Translation Address  - Using = TLB
|----------------------------------------------------|     |----------------------------------------------------|
|                  Virtual Address                   |     |                    Real Address                    |
|----------------------------------------------------|     |----------------------------------------------------|
|        Virtual Page          |PageOffSet|ByteOffSet| --> |           Frame Page         |PageOffSet|ByteOffSet|
|------------------------------|----------|----------|     |-----------------------------------------|----------|
| 00000000000000000000000000001|         0|       XX |     | 00000000000000000000000000011|         0|       XX |
|----------------------------------------------------|     |----------------------------------------------------|


-----------------------       End of translation        -----------------------

Location: MAINMEMORY
Action = Loading data from Main Memory  
Block = 6 


----------------------- Step: 007 to 030 || Trace: 2 1 -----------------------

-----------------------    Beginning of translation   -----------------------

Location: TLB
Action = load operation - Access Type = hit
Cache Type = Accessing TLB
|---------------------------------------------------------------------------------------|
|                                |                    |   Word  |     Page    |   Byte  |
|               Tag              |         Set        |  OffSet |    OffSet   |  OffSet |
|---------------------------------------------------------------------------------------|
|   00000000000000000000000000000|                 ---|      ---|            1|      XX |
|---------------------------------------------------------------------------------------|
|                         29 bits|              0 bits|   0 bits|       1 bits|   2 bits|
|---------------------------------------------------------------------------------------|

Location: TRANSLATION
Action = Translation Address  - Using = TLB
|----------------------------------------------------|     |----------------------------------------------------|
|                  Virtual Address                   |     |                    Real Address                    |
|----------------------------------------------------|     |----------------------------------------------------|
|        Virtual Page          |PageOffSet|ByteOffSet| --> |           Frame Page         |PageOffSet|ByteOffSet|
|------------------------------|----------|----------|     |-----------------------------------------|----------|
| 00000000000000000000000000000|         1|       XX |     | 00000000000000000000000000010|         1|       XX |
|----------------------------------------------------|     |----------------------------------------------------|


-----------------------       End of translation        -----------------------

Location: MAINMEMORY
Action = Loading data from Main Memory  
Block = 5 


----------------------- Step: 008 to 030 || Trace: 2 2 -----------------------

-----------------------    Beginning of translation   -----------------------

Location: TLB
Action = load operation - Access Type = hit
Cache Type = Accessing TLB
|---------------------------------------------------------------------------------------|
|                                |                    |   Word  |     Page    |   Byte  |
|               Tag              |         Set        |  OffSet |    OffSet   |  OffSet |
|---------------------------------------------------------------------------------------|
|   00000000000000000000000000001|                 ---|      ---|            0|      XX |
|---------------------------------------------------------------------------------------|
|                         29 bits|              0 bits|   0 bits|       1 bits|   2 bits|
|---------------------------------------------------------------------------------------|

Location: TRANSLATION
Action = Translation Address  - Using = TLB
|----------------------------------------------------|     |----------------------------------------------------|
|                  Virtual Address                   |     |                    Real Address                    |
|----------------------------------------------------|     |----------------------------------------------------|
|        Virtual Page          |PageOffSet|ByteOffSet| --> |           Frame Page         |PageOffSet|ByteOffSet|
|------------------------------|----------|----------|     |-----------------------------------------|----------|
| 00000000000000000000000000001|         0|       XX |     | 00000000000000000000000000011|         0|       XX |
|----------------------------------------------------|     |----------------------------------------------------|


-----------------------       End of translation        -----------------------

Location: MAINMEMORY
Action = Loading data from Main Memory  
Block = 6 


----------------------- Step: 009 to 030 || Trace: 2 6 -----------------------

-----------------------    Beginning of translation   -----------------------

Location: TLB
Action = load operation - Access Type = hit
Cache Type = Accessing TLB
|---------------------------------------------------------------------------------------|
|                                |                    |   Word  |     Page    |   Byte  |
|               Tag              |         Set        |  OffSet |    OffSet   |  OffSet |
|---------------------------------------------------------------------------------------|
|   00000000000000000000000000011|                 ---|      ---|            0|      XX |
|---------------------------------------------------------------------------------------|
|                         29 bits|              0 bits|   0 bits|       1 bits|   2 bits|
|---------------------------------------------------------------------------------------|

Location: TRANSLATION
Action = Translation Address  - Using = TLB
|----------------------------------------------------|     |----------------------------------------------------|
|                  Virtual Address                   |     |                    Real Address                    |
|----------------------------------------------------|     |----------------------------------------------------|
|        Virtual Page          |PageOffSet|ByteOffSet| --> |           Frame Page         |PageOffSet|ByteOffSet|
|------------------------------|----------|----------|     |-----------------------------------------|----------|
| 00000000000000000000000000011|         0|       XX |     | 00000000000000000000000000001|         0|       XX |
|----------------------------------------------------|     |----------------------------------------------------|


-----------------------       End of translation        -----------------------

Location: MAINMEMORY
Action = Loading data from Main Memory  
Block = 2 


----------------------- Step: 010 to 030 || Trace: 2 4 -----------------------

-----------------------    Beginning of translation   -----------------------

Location: TLB
Action = load operation - Access Type = hit
Cache Type = Accessing TLB
|---------------------------------------------------------------------------------------|
|                                |                    |   Word  |     Page    |   Byte  |
|               Tag              |         Set        |  OffSet |    OffSet   |  OffSet |
|---------------------------------------------------------------------------------------|
|   00000000000000000000000000010|                 ---|      ---|            0|      XX |
|---------------------------------------------------------------------------------------|
|                         29 bits|              0 bits|   0 bits|       1 bits|   2 bits|
|---------------------------------------------------------------------------------------|

Location: TRANSLATION
Action = Translation Address  - Using = TLB
|----------------------------------------------------|     |----------------------------------------------------|
|                  Virtual Address                   |     |                    Real Address                    |
|----------------------------------------------------|     |----------------------------------------------------|
|        Virtual Page          |PageOffSet|ByteOffSet| --> |           Frame Page         |PageOffSet|ByteOffSet|
|------------------------------|----------|----------|     |-----------------------------------------|----------|
| 00000000000000000000000000010|         0|       XX |     | 00000000000000000000000000000|         0|       XX |
|----------------------------------------------------|     |----------------------------------------------------|


-----------------------       End of translation        -----------------------

Location: MAINMEMORY
Action = Loading data from Main Memory  
Block = 0 


----------------------- Step: 011 to 030 || Trace: 2 2 -----------------------

-----------------------    Beginning of translation   -----------------------

Location: TLB
Action = load operation - Access Type = hit
Cache Type = Accessing TLB
|---------------------------------------------------------------------------------------|
|                                |                    |   Word  |     Page    |   Byte  |
|               Tag              |         Set        |  OffSet |    OffSet   |  OffSet |
|---------------------------------------------------------------------------------------|
|   00000000000000000000000000001|                 ---|      ---|            0|      XX |
|---------------------------------------------------------------------------------------|
|                         29 bits|              0 bits|   0 bits|       1 bits|   2 bits|
|---------------------------------------------------------------------------------------|

Location: TRANSLATION
Action = Translation Address  - Using = TLB
|----------------------------------------------------|     |----------------------------------------------------|
|                  Virtual Address                   |     |                    Real Address                    |
|----------------------------------------------------|     |----------------------------------------------------|
|        Virtual Page          |PageOffSet|ByteOffSet| --> |           Frame Page         |PageOffSet|ByteOffSet|
|------------------------------|----------|----------|     |-----------------------------------------|----------|
| 00000000000000000000000000001|         0|       XX |     | 00000000000000000000000000011|         0|       XX |
|----------------------------------------------------|     |----------------------------------------------------|


-----------------------       End of translation        -----------------------

Location: MAINMEMORY
Action = Loading data from Main Memory  
Block = 6 


----------------------- Step: 012 to 030 || Trace: 2 5 -----------------------

-----------------------    Beginning of translation   -----------------------

Location: TLB
Action = load operation - Access Type = hit
Cache Type = Accessing TLB
|---------------------------------------------------------------------------------------|
|                                |                    |   Word  |     Page    |   Byte  |
|               Tag              |         Set        |  OffSet |    OffSet   |  OffSet |
|---------------------------------------------------------------------------------------|
|   00000000000000000000000000010|                 ---|      ---|            1|      XX |
|---------------------------------------------------------------------------------------|
|                         29 bits|              0 bits|   0 bits|       1 bits|   2 bits|
|---------------------------------------------------------------------------------------|

Location: TRANSLATION
Action = Translation Address  - Using = TLB
|----------------------------------------------------|     |----------------------------------------------------|
|                  Virtual Address                   |     |                    Real Address                    |
|----------------------------------------------------|     |----------------------------------------------------|
|        Virtual Page          |PageOffSet|ByteOffSet| --> |           Frame Page         |PageOffSet|ByteOffSet|
|------------------------------|----------|----------|     |-----------------------------------------|----------|
| 00000000000000000000000000010|         1|       XX |     | 00000000000000000000000000000|         1|       XX |
|----------------------------------------------------|     |----------------------------------------------------|


-----------------------       End of translation        -----------------------

Location: MAINMEMORY
Action = Loading data from Main Memory  
Block = 1 


----------------------- Step: 013 to 030 || Trace: 2 7 -----------------------

-----------------------    Beginning of translation   -----------------------

Location: TLB
Action = load operation - Access Type = hit
Cache Type = Accessing TLB
|---------------------------------------------------------------------------------------|
|                                |                    |   Word  |     Page    |   Byte  |
|               Tag              |         Set        |  OffSet |    OffSet   |  OffSet |
|---------------------------------------------------------------------------------------|
|   00000000000000000000000000011|                 ---|      ---|            1|      XX |
|---------------------------------------------------------------------------------------|
|                         29 bits|              0 bits|   0 bits|       1 bits|   2 bits|
|---------------------------------------------------------------------------------------|

Location: TRANSLATION
Action = Translation Address  - Using = TLB
|----------------------------------------------------|     |----------------------------------------------------|
|                  Virtual Address                   |     |                    Real Address                    |
|----------------------------------------------------|     |----------------------------------------------------|
|        Virtual Page          |PageOffSet|ByteOffSet| --> |           Frame Page         |PageOffSet|ByteOffSet|
|------------------------------|----------|----------|     |-----------------------------------------|----------|
| 00000000000000000000000000011|         1|       XX |     | 00000000000000000000000000001|         1|       XX |
|----------------------------------------------------|     |----------------------------------------------------|


-----------------------       End of translation        -----------------------

Location: MAINMEMORY
Action = Loading data from Main Memory  
Block = 3 


----------------------- Step: 014 to 030 || Trace: 2 1 -----------------------

-----------------------    Beginning of translation   -----------------------

Location: TLB
Action = load operation - Access Type = hit
Cache Type = Accessing TLB
|---------------------------------------------------------------------------------------|
|                                |                    |   Word  |     Page    |   Byte  |
|               Tag              |         Set        |  OffSet |    OffSet   |  OffSet |
|---------------------------------------------------------------------------------------|
|   00000000000000000000000000000|                 ---|      ---|            1|      XX |
|---------------------------------------------------------------------------------------|
|                         29 bits|              0 bits|   0 bits|       1 bits|   2 bits|
|---------------------------------------------------------------------------------------|

Location: TRANSLATION
Action = Translation Address  - Using = TLB
|----------------------------------------------------|     |----------------------------------------------------|
|                  Virtual Address                   |     |                    Real Address                    |
|----------------------------------------------------|     |----------------------------------------------------|
|        Virtual Page          |PageOffSet|ByteOffSet| --> |           Frame Page         |PageOffSet|ByteOffSet|
|------------------------------|----------|----------|     |-----------------------------------------|----------|
| 00000000000000000000000000000|         1|       XX |     | 00000000000000000000000000010|         1|       XX |
|----------------------------------------------------|     |----------------------------------------------------|


-----------------------       End of translation        -----------------------

Location: MAINMEMORY
Action = Loading data from Main Memory  
Block = 5 


----------------------- Step: 015 to 030 || Trace: 2 4 -----------------------

-----------------------    Beginning of translation   -----------------------

Location: TLB
Action = load operation - Access Type = hit
Cache Type = Accessing TLB
|---------------------------------------------------------------------------------------|
|                                |                    |   Word  |     Page    |   Byte  |
|               Tag              |         Set        |  OffSet |    OffSet   |  OffSet |
|---------------------------------------------------------------------------------------|
|   00000000000000000000000000010|                 ---|      ---|            0|      XX |
|---------------------------------------------------------------------------------------|
|                         29 bits|              0 bits|   0 bits|       1 bits|   2 bits|
|---------------------------------------------------------------------------------------|

Location: TRANSLATION
Action = Translation Address  - Using = TLB
|----------------------------------------------------|     |----------------------------------------------------|
|                  Virtual Address                   |     |                    Real Address                    |
|----------------------------------------------------|     |----------------------------------------------------|
|        Virtual Page          |PageOffSet|ByteOffSet| --> |           Frame Page         |PageOffSet|ByteOffSet|
|------------------------------|----------|----------|     |-----------------------------------------|----------|
| 00000000000000000000000000010|         0|       XX |     | 00000000000000000000000000000|         0|       XX |
|----------------------------------------------------|     |----------------------------------------------------|


-----------------------       End of translation        -----------------------

Location: MAINMEMORY
Action = Loading data from Main Memory  
Block = 0 


----------------------- Step: 016 to 030 || Trace: 2 7 -----------------------

-----------------------    Beginning of translation   -----------------------

Location: TLB
Action = load operation - Access Type = hit
Cache Type = Accessing TLB
|---------------------------------------------------------------------------------------|
|                                |                    |   Word  |     Page    |   Byte  |
|               Tag              |         Set        |  OffSet |    OffSet   |  OffSet |
|---------------------------------------------------------------------------------------|
|   00000000000000000000000000011|                 ---|      ---|            1|      XX |
|---------------------------------------------------------------------------------------|
|                         29 bits|              0 bits|   0 bits|       1 bits|   2 bits|
|---------------------------------------------------------------------------------------|

Location: TRANSLATION
Action = Translation Address  - Using = TLB
|----------------------------------------------------|     |----------------------------------------------------|
|                  Virtual Address                   |     |                    Real Address                    |
|----------------------------------------------------|     |----------------------------------------------------|
|        Virtual Page          |PageOffSet|ByteOffSet| --> |           Frame Page         |PageOffSet|ByteOffSet|
|------------------------------|----------|----------|     |-----------------------------------------|----------|
| 00000000000000000000000000011|         1|       XX |     | 00000000000000000000000000001|         1|       XX |
|----------------------------------------------------|     |----------------------------------------------------|


-----------------------       End of translation        -----------------------

Location: MAINMEMORY
Action = Loading data from Main Memory  
Block = 3 


----------------------- Step: 017 to 030 || Trace: 2 7 -----------------------

-----------------------    Beginning of translation   -----------------------

Location: TLB
Action = load operation - Access Type = hit
Cache Type = Accessing TLB
|---------------------------------------------------------------------------------------|
|                                |                    |   Word  |     Page    |   Byte  |
|               Tag              |         Set        |  OffSet |    OffSet   |  OffSet |
|---------------------------------------------------------------------------------------|
|   00000000000000000000000000011|                 ---|      ---|            1|      XX |
|---------------------------------------------------------------------------------------|
|                         29 bits|              0 bits|   0 bits|       1 bits|   2 bits|
|---------------------------------------------------------------------------------------|

Location: TRANSLATION
Action = Translation Address  - Using = TLB
|----------------------------------------------------|     |----------------------------------------------------|
|                  Virtual Address                   |     |                    Real Address                    |
|----------------------------------------------------|     |----------------------------------------------------|
|        Virtual Page          |PageOffSet|ByteOffSet| --> |           Frame Page         |PageOffSet|ByteOffSet|
|------------------------------|----------|----------|     |-----------------------------------------|----------|
| 00000000000000000000000000011|         1|       XX |     | 00000000000000000000000000001|         1|       XX |
|----------------------------------------------------|     |----------------------------------------------------|


-----------------------       End of translation        -----------------------

Location: MAINMEMORY
Action = Loading data from Main Memory  
Block = 3 


----------------------- Step: 018 to 030 || Trace: 2 4 -----------------------

-----------------------    Beginning of translation   -----------------------

Location: TLB
Action = load operation - Access Type = hit
Cache Type = Accessing TLB
|---------------------------------------------------------------------------------------|
|                                |                    |   Word  |     Page    |   Byte  |
|               Tag              |         Set        |  OffSet |    OffSet   |  OffSet |
|---------------------------------------------------------------------------------------|
|   00000000000000000000000000010|                 ---|      ---|            0|      XX |
|---------------------------------------------------------------------------------------|
|                         29 bits|              0 bits|   0 bits|       1 bits|   2 bits|
|---------------------------------------------------------------------------------------|

Location: TRANSLATION
Action = Translation Address  - Using = TLB
|----------------------------------------------------|     |----------------------------------------------------|
|                  Virtual Address                   |     |                    Real Address                    |
|----------------------------------------------------|     |----------------------------------------------------|
|        Virtual Page          |PageOffSet|ByteOffSet| --> |           Frame Page         |PageOffSet|ByteOffSet|
|------------------------------|----------|----------|     |-----------------------------------------|----------|
| 00000000000000000000000000010|         0|       XX |     | 00000000000000000000000000000|         0|       XX |
|----------------------------------------------------|     |----------------------------------------------------|


-----------------------       End of translation        -----------------------

Location: MAINMEMORY
Action = Loading data from Main Memory  
Block = 0 


----------------------- Step: 019 to 030 || Trace: 2 5 -----------------------

-----------------------    Beginning of translation   -----------------------

Location: TLB
Action = load operation - Access Type = hit
Cache Type = Accessing TLB
|---------------------------------------------------------------------------------------|
|                                |                    |   Word  |     Page    |   Byte  |
|               Tag              |         Set        |  OffSet |    OffSet   |  OffSet |
|---------------------------------------------------------------------------------------|
|   00000000000000000000000000010|                 ---|      ---|            1|      XX |
|---------------------------------------------------------------------------------------|
|                         29 bits|              0 bits|   0 bits|       1 bits|   2 bits|
|---------------------------------------------------------------------------------------|

Location: TRANSLATION
Action = Translation Address  - Using = TLB
|----------------------------------------------------|     |----------------------------------------------------|
|                  Virtual Address                   |     |                    Real Address                    |
|----------------------------------------------------|     |----------------------------------------------------|
|        Virtual Page          |PageOffSet|ByteOffSet| --> |           Frame Page         |PageOffSet|ByteOffSet|
|------------------------------|----------|----------|     |-----------------------------------------|----------|
| 00000000000000000000000000010|         1|       XX |     | 00000000000000000000000000000|         1|       XX |
|----------------------------------------------------|     |----------------------------------------------------|


-----------------------       End of translation        -----------------------

Location: MAINMEMORY
Action = Loading data from Main Memory  
Block = 1 


----------------------- Step: 020 to 030 || Trace: 2 1 -----------------------

-----------------------    Beginning of translation   -----------------------

Location: TLB
Action = load operation - Access Type = hit
Cache Type = Accessing TLB
|---------------------------------------------------------------------------------------|
|                                |                    |   Word  |     Page    |   Byte  |
|               Tag              |         Set        |  OffSet |    OffSet   |  OffSet |
|---------------------------------------------------------------------------------------|
|   00000000000000000000000000000|                 ---|      ---|            1|      XX |
|---------------------------------------------------------------------------------------|
|                         29 bits|              0 bits|   0 bits|       1 bits|   2 bits|
|---------------------------------------------------------------------------------------|

Location: TRANSLATION
Action = Translation Address  - Using = TLB
|----------------------------------------------------|     |----------------------------------------------------|
|                  Virtual Address                   |     |                    Real Address                    |
|----------------------------------------------------|     |----------------------------------------------------|
|        Virtual Page          |PageOffSet|ByteOffSet| --> |           Frame Page         |PageOffSet|ByteOffSet|
|------------------------------|----------|----------|     |-----------------------------------------|----------|
| 00000000000000000000000000000|         1|       XX |     | 00000000000000000000000000010|         1|       XX |
|----------------------------------------------------|     |----------------------------------------------------|


-----------------------       End of translation        -----------------------

Location: MAINMEMORY
Action = Loading data from Main Memory  
Block = 5 


----------------------- Step: 021 to 030 || Trace: 2 2 -----------------------

-----------------------    Beginning of translation   -----------------------

Location: TLB
Action = load operation - Access Type = hit
Cache Type = Accessing TLB
|---------------------------------------------------------------------------------------|
|                                |                    |   Word  |     Page    |   Byte  |
|               Tag              |         Set        |  OffSet |    OffSet   |  OffSet |
|---------------------------------------------------------------------------------------|
|   00000000000000000000000000001|                 ---|      ---|            0|      XX |
|---------------------------------------------------------------------------------------|
|                         29 bits|              0 bits|   0 bits|       1 bits|   2 bits|
|---------------------------------------------------------------------------------------|

Location: TRANSLATION
Action = Translation Address  - Using = TLB
|----------------------------------------------------|     |----------------------------------------------------|
|                  Virtual Address                   |     |                    Real Address                    |
|----------------------------------------------------|     |----------------------------------------------------|
|        Virtual Page          |PageOffSet|ByteOffSet| --> |           Frame Page         |PageOffSet|ByteOffSet|
|------------------------------|----------|----------|     |-----------------------------------------|----------|
| 00000000000000000000000000001|         0|       XX |     | 00000000000000000000000000011|         0|       XX |
|----------------------------------------------------|     |----------------------------------------------------|


-----------------------       End of translation        -----------------------

Location: MAINMEMORY
Action = Loading data from Main Memory  
Block = 6 


----------------------- Step: 022 to 030 || Trace: 2 7 -----------------------

-----------------------    Beginning of translation   -----------------------

Location: TLB
Action = load operation - Access Type = hit
Cache Type = Accessing TLB
|---------------------------------------------------------------------------------------|
|                                |                    |   Word  |     Page    |   Byte  |
|               Tag              |         Set        |  OffSet |    OffSet   |  OffSet |
|---------------------------------------------------------------------------------------|
|   00000000000000000000000000011|                 ---|      ---|            1|      XX |
|---------------------------------------------------------------------------------------|
|                         29 bits|              0 bits|   0 bits|       1 bits|   2 bits|
|---------------------------------------------------------------------------------------|

Location: TRANSLATION
Action = Translation Address  - Using = TLB
|----------------------------------------------------|     |----------------------------------------------------|
|                  Virtual Address                   |     |                    Real Address                    |
|----------------------------------------------------|     |----------------------------------------------------|
|        Virtual Page          |PageOffSet|ByteOffSet| --> |           Frame Page         |PageOffSet|ByteOffSet|
|------------------------------|----------|----------|     |-----------------------------------------|----------|
| 00000000000000000000000000011|         1|       XX |     | 00000000000000000000000000001|         1|       XX |
|----------------------------------------------------|     |----------------------------------------------------|


-----------------------       End of translation        -----------------------

Location: MAINMEMORY
Action = Loading data from Main Memory  
Block = 3 


----------------------- Step: 023 to 030 || Trace: 2 1 -----------------------

-----------------------    Beginning of translation   -----------------------

Location: TLB
Action = load operation - Access Type = hit
Cache Type = Accessing TLB
|---------------------------------------------------------------------------------------|
|                                |                    |   Word  |     Page    |   Byte  |
|               Tag              |         Set        |  OffSet |    OffSet   |  OffSet |
|---------------------------------------------------------------------------------------|
|   00000000000000000000000000000|                 ---|      ---|            1|      XX |
|---------------------------------------------------------------------------------------|
|                         29 bits|              0 bits|   0 bits|       1 bits|   2 bits|
|---------------------------------------------------------------------------------------|

Location: TRANSLATION
Action = Translation Address  - Using = TLB
|----------------------------------------------------|     |----------------------------------------------------|
|                  Virtual Address                   |     |                    Real Address                    |
|----------------------------------------------------|     |----------------------------------------------------|
|        Virtual Page          |PageOffSet|ByteOffSet| --> |           Frame Page         |PageOffSet|ByteOffSet|
|------------------------------|----------|----------|     |-----------------------------------------|----------|
| 00000000000000000000000000000|         1|       XX |     | 00000000000000000000000000010|         1|       XX |
|----------------------------------------------------|     |----------------------------------------------------|


-----------------------       End of translation        -----------------------

Location: MAINMEMORY
Action = Loading data from Main Memory  
Block = 5 


----------------------- Step: 024 to 030 || Trace: 2 7 -----------------------

-----------------------    Beginning of translation   -----------------------

Location: TLB
Action = load operation - Access Type = hit
Cache Type = Accessing TLB
|---------------------------------------------------------------------------------------|
|                                |                    |   Word  |     Page    |   Byte  |
|               Tag              |         Set        |  OffSet |    OffSet   |  OffSet |
|---------------------------------------------------------------------------------------|
|   00000000000000000000000000011|                 ---|      ---|            1|      XX |
|---------------------------------------------------------------------------------------|
|                         29 bits|              0 bits|   0 bits|       1 bits|   2 bits|
|---------------------------------------------------------------------------------------|

Location: TRANSLATION
Action = Translation Address  - Using = TLB
|----------------------------------------------------|     |----------------------------------------------------|
|                  Virtual Address                   |     |                    Real Address                    |
|----------------------------------------------------|     |----------------------------------------------------|
|        Virtual Page          |PageOffSet|ByteOffSet| --> |           Frame Page         |PageOffSet|ByteOffSet|
|------------------------------|----------|----------|     |-----------------------------------------|----------|
| 00000000000000000000000000011|         1|       XX |     | 00000000000000000000000000001|         1|       XX |
|----------------------------------------------------|     |----------------------------------------------------|


-----------------------       End of translation        -----------------------

Location: MAINMEMORY
Action = Loading data from Main Memory  
Block = 3 


----------------------- Step: 025 to 030 || Trace: 2 2 -----------------------

-----------------------    Beginning of translation   -----------------------

Location: TLB
Action = load operation - Access Type = hit
Cache Type = Accessing TLB
|---------------------------------------------------------------------------------------|
|                                |                    |   Word  |     Page    |   Byte  |
|               Tag              |         Set        |  OffSet |    OffSet   |  OffSet |
|---------------------------------------------------------------------------------------|
|   00000000000000000000000000001|                 ---|      ---|            0|      XX |
|---------------------------------------------------------------------------------------|
|                         29 bits|              0 bits|   0 bits|       1 bits|   2 bits|
|---------------------------------------------------------------------------------------|

Location: TRANSLATION
Action = Translation Address  - Using = TLB
|----------------------------------------------------|     |----------------------------------------------------|
|                  Virtual Address                   |     |                    Real Address                    |
|----------------------------------------------------|     |----------------------------------------------------|
|        Virtual Page          |PageOffSet|ByteOffSet| --> |           Frame Page         |PageOffSet|ByteOffSet|
|------------------------------|----------|----------|     |-----------------------------------------|----------|
| 00000000000000000000000000001|         0|       XX |     | 00000000000000000000000000011|         0|       XX |
|----------------------------------------------------|     |----------------------------------------------------|


-----------------------       End of translation        -----------------------

Location: MAINMEMORY
Action = Loading data from Main Memory  
Block = 6 


----------------------- Step: 026 to 030 || Trace: 2 4 -----------------------

-----------------------    Beginning of translation   -----------------------

Location: TLB
Action = load operation - Access Type = hit
Cache Type = Accessing TLB
|---------------------------------------------------------------------------------------|
|                                |                    |   Word  |     Page    |   Byte  |
|               Tag              |         Set        |  OffSet |    OffSet   |  OffSet |
|---------------------------------------------------------------------------------------|
|   00000000000000000000000000010|                 ---|      ---|            0|      XX |
|---------------------------------------------------------------------------------------|
|                         29 bits|              0 bits|   0 bits|       1 bits|   2 bits|
|---------------------------------------------------------------------------------------|

Location: TRANSLATION
Action = Translation Address  - Using = TLB
|----------------------------------------------------|     |----------------------------------------------------|
|                  Virtual Address                   |     |                    Real Address                    |
|----------------------------------------------------|     |----------------------------------------------------|
|        Virtual Page          |PageOffSet|ByteOffSet| --> |           Frame Page         |PageOffSet|ByteOffSet|
|------------------------------|----------|----------|     |-----------------------------------------|----------|
| 00000000000000000000000000010|         0|       XX |     | 00000000000000000000000000000|         0|       XX |
|----------------------------------------------------|     |----------------------------------------------------|


-----------------------       End of translation        -----------------------

Location: MAINMEMORY
Action = Loading data from Main Memory  
Block = 0 


----------------------- Step: 027 to 030 || Trace: 2 6 -----------------------

-----------------------    Beginning of translation   -----------------------

Location: TLB
Action = load operation - Access Type = hit
Cache Type = Accessing TLB
|---------------------------------------------------------------------------------------|
|                                |                    |   Word  |     Page    |   Byte  |
|               Tag              |         Set        |  OffSet |    OffSet   |  OffSet |
|---------------------------------------------------------------------------------------|
|   00000000000000000000000000011|                 ---|      ---|            0|      XX |
|---------------------------------------------------------------------------------------|
|                         29 bits|              0 bits|   0 bits|       1 bits|   2 bits|
|---------------------------------------------------------------------------------------|

Location: TRANSLATION
Action = Translation Address  - Using = TLB
|----------------------------------------------------|     |----------------------------------------------------|
|                  Virtual Address                   |     |                    Real Address                    |
|----------------------------------------------------|     |----------------------------------------------------|
|        Virtual Page          |PageOffSet|ByteOffSet| --> |           Frame Page         |PageOffSet|ByteOffSet|
|------------------------------|----------|----------|     |-----------------------------------------|----------|
| 00000000000000000000000000011|         0|       XX |     | 00000000000000000000000000001|         0|       XX |
|----------------------------------------------------|     |----------------------------------------------------|


-----------------------       End of translation        -----------------------

Location: MAINMEMORY
Action = Loading data from Main Memory  
Block = 2 


----------------------- Step: 028 to 030 || Trace: 2 1 -----------------------

-----------------------    Beginning of translation   -----------------------

Location: TLB
Action = load operation - Access Type = hit
Cache Type = Accessing TLB
|---------------------------------------------------------------------------------------|
|                                |                    |   Word  |     Page    |   Byte  |
|               Tag              |         Set        |  OffSet |    OffSet   |  OffSet |
|---------------------------------------------------------------------------------------|
|   00000000000000000000000000000|                 ---|      ---|            1|      XX |
|---------------------------------------------------------------------------------------|
|                         29 bits|              0 bits|   0 bits|       1 bits|   2 bits|
|---------------------------------------------------------------------------------------|

Location: TRANSLATION
Action = Translation Address  - Using = TLB
|----------------------------------------------------|     |----------------------------------------------------|
|                  Virtual Address                   |     |                    Real Address                    |
|----------------------------------------------------|     |----------------------------------------------------|
|        Virtual Page          |PageOffSet|ByteOffSet| --> |           Frame Page         |PageOffSet|ByteOffSet|
|------------------------------|----------|----------|     |-----------------------------------------|----------|
| 00000000000000000000000000000|         1|       XX |     | 00000000000000000000000000010|         1|       XX |
|----------------------------------------------------|     |----------------------------------------------------|


-----------------------       End of translation        -----------------------

Location: MAINMEMORY
Action = Loading data from Main Memory  
Block = 5 


----------------------- Step: 029 to 030 || Trace: 2 7 -----------------------

-----------------------    Beginning of translation   -----------------------

Location: TLB
Action = load operation - Access Type = hit
Cache Type = Accessing TLB
|---------------------------------------------------------------------------------------|
|                                |                    |   Word  |     Page    |   Byte  |
|               Tag              |         Set        |  OffSet |    OffSet   |  OffSet |
|---------------------------------------------------------------------------------------|
|   00000000000000000000000000011|                 ---|      ---|            1|      XX |
|---------------------------------------------------------------------------------------|
|                         29 bits|              0 bits|   0 bits|       1 bits|   2 bits|
|---------------------------------------------------------------------------------------|

Location: TRANSLATION
Action = Translation Address  - Using = TLB
|----------------------------------------------------|     |----------------------------------------------------|
|                  Virtual Address                   |     |                    Real Address                    |
|----------------------------------------------------|     |----------------------------------------------------|
|        Virtual Page          |PageOffSet|ByteOffSet| --> |           Frame Page         |PageOffSet|ByteOffSet|
|------------------------------|----------|----------|     |-----------------------------------------|----------|
| 00000000000000000000000000011|         1|       XX |     | 00000000000000000000000000001|         1|       XX |
|----------------------------------------------------|     |----------------------------------------------------|


-----------------------       End of translation        -----------------------

Location: MAINMEMORY
Action = Loading data from Main Memory  
Block = 3 


----------------------- Step: 030 to 030 || Trace: 2 8 -----------------------

-----------------------    Beginning of translation   -----------------------

Location: TLB
Action = load operation - Access Type = miss
Cache Type = Accessing TLB
|---------------------------------------------------------------------------------------|
|                                |                    |   Word  |     Page    |   Byte  |
|               Tag              |         Set        |  OffSet |    OffSet   |  OffSet |
|---------------------------------------------------------------------------------------|
|   00000000000000000000000000100|                 ---|      ---|            0|      XX |
|---------------------------------------------------------------------------------------|
|                         29 bits|              0 bits|   0 bits|       1 bits|   2 bits|
|---------------------------------------------------------------------------------------|

Location: PAGETABLE
Action = loading data in the Page Table 
Virtual Page = 0x00000004
Page Fault

----------------------      Beginning of paging        ----------------------

Location: DISK
Action = Loading page from Disk and store page in the aux vector 
|--------------------|       |--------------------|
|     aux vector     |  <--  |    disk    - Page 0|
|--------------------|       |--------------------|
|               xxxxx|       |          0x00000008|
|--------------------|       |--------------------|
|               xxxxx|       |          0x00000000|
|--------------------|       |--------------------|


Location: DISK
Action = Loading page from Main Memory and storing page in Disk 
|--------------------|       |--------------------|
|    disk    - Page 0|  <--  |Main Memory - Page 0|
|--------------------|       |--------------------|
|               xxxxx|       |          0x00000004|
|--------------------|       |--------------------|
|               xxxxx|       |          0x00000005|
|--------------------|       |--------------------|


Location: MAINMEMORY
Action = Store page in the Main Memory 
|--------------------|       |--------------------|
|Main Memory - Page 0|  <--  |     aux vector     |
|--------------------|       |--------------------|
|               xxxxx|       |          0x00000008|
|--------------------|       |--------------------|
|               xxxxx|       |          0x00000000|
|--------------------|       |--------------------|


Location: PAGETABLE
Action = Update the Page Table 
|--------------------|       |--------------------|
|          0x00000004|  <->  |          0x00000002|
|--------------------|       |--------------------|


----------------------         End of paging           ----------------------

Location: TRANSLATION
Action = Translation Address  - Using = Page Table
|----------------------------------------------------|     |----------------------------------------------------|
|                  Virtual Address                   |     |                    Real Address                    |
|----------------------------------------------------|     |----------------------------------------------------|
|        Virtual Page          |PageOffSet|ByteOffSet| --> |           Frame Page         |PageOffSet|ByteOffSet|
|------------------------------|----------|----------|     |-----------------------------------------|----------|
| 00000000000000000000000000100|         0|       XX |     | 00000000000000000000000000000|         0|       XX |
|----------------------------------------------------|     |----------------------------------------------------|


Location: TLB
Action = Store Operation - Access Type = miss
Cache Type = TLB
|---------------------------------------------------------------------------------------|
|                                |                    |   Word  |     Page    |   Byte  |
|               Tag              |         Set        |  OffSet |    OffSet   |  OffSet |
|---------------------------------------------------------------------------------------|
|   00000000000000000000000000100|                 ---|      ---|            0|      XX |
|---------------------------------------------------------------------------------------|
|                         29 bits|              0 bits|   0 bits|       1 bits|   2 bits|
|---------------------------------------------------------------------------------------|

-----------------------       End of translation        -----------------------

Location: MAINMEMORY
Action = Loading data from Main Memory  
Block = 0 


------------------------------
---       Statistics       ---
------------------------------

Main Memory
  Read Access: 39
  Read Cycles: 39
  Read Time: 390
  Write Access: 6
  Write Cycles: 12
  Write Time: 120
  Total Access: 45
  Total Time: 510

Disk
  Read Access: 1
  Read Cycles: 1
  Read Time: 100
  Write Access: 1
  Write Cycles: 2
  Write Time: 200
  Total Time: 300

Page Table
  Read Access: 5
  Read Cycles: 5
  Read Time: 50
  Write Access: 2
  Write Cycles: 4
  Write Time: 40
  Total Access: 5
  Page Fault: 1
  Total Time: 90

TLB
  Read Access: 30
  Read Cycles: 30
  Read Time: 30
  Write Access: 5
  Write Cycles: 10
  Write Time: 10
  Total Access: 30
  Total Hit: 25
  Total Miss: 5
  Hit rate: 0.8333333
  Total Time: 40

 Total Time: 850