------------------------------------
--- File created by Amnesia tool ---
------------------------------------


----------------------------------
--- Architecture Configuration ---
----------------------------------

--- Main Memory ---

Memory size: 8 word(s) 
Block size: 1 word(s)/block 
Cycles per access read: 1 unity 
Cycles per access write: 2 unity 
Time cycle: 10 time unity 

--- Virtual Memory ---
Page size: 4 word(s) 
Replacement algorithm: FIFO 

---      Disk     ---
Memory size: 8 word(s) 
Cycles per access read: 1 unity 
Cycles per access write: 2 unity 
Time cycle: 100 time unity 

---       TLB      ---
Memory size: 4 Frame Page(s) 
Cycles per access read: 1 unity 
Cycles per access write: 2 unity 
Time cycle: 1 time unity 
Replacement algorithm: FIFO 

-------------------------
---       Trace       ---
-------------------------

2 2
2 6
2 3
2 0
2 7
2 1
2 5
2 4
2 1
2 6
2 7
2 3
2 0
2 2
2 1
2 4
2 5
2 6
2 7
2 2
2 0
2 4
2 5
2 1
2 3
2 6
2 0
2 4
2 7
2 2

------------------------------
---      Execution Log     ---
------------------------------

Location: MAINMEMORY
Action = Stored data in Main Memory  
Block = 0 


Location: MAINMEMORY
Action = Stored data in Main Memory  
Block = 1 


Location: MAINMEMORY
Action = Stored data in Main Memory  
Block = 2 


Location: MAINMEMORY
Action = Stored data in Main Memory  
Block = 3 


Location: MAINMEMORY
Action = Stored data in Main Memory  
Block = 4 


Location: MAINMEMORY
Action = Stored data in Main Memory  
Block = 5 


Location: MAINMEMORY
Action = Stored data in Main Memory  
Block = 6 


Location: MAINMEMORY
Action = Stored data in Main Memory  
Block = 7 


Location: DISK
Action = Storing page in Disk 
Address = 0x00000000 - Page 0


----------------------- Step: 001 to 030 || Trace: 2 2 -----------------------

-----------------------    Beginning of translation   -----------------------

Location: TLB
Action = load operation - Access Type = miss
Cache Type = Accessing TLB
|---------------------------------------------------------------------------------------|
|                                |                    |   Word  |     Page    |   Byte  |
|               Tag              |         Set        |  OffSet |    OffSet   |  OffSet |
|---------------------------------------------------------------------------------------|
|    0000000000000000000000000000|                 ---|      ---|           10|      XX |
|---------------------------------------------------------------------------------------|
|                         28 bits|              0 bits|   0 bits|       2 bits|   2 bits|
|---------------------------------------------------------------------------------------|

Location: PAGETABLE
Action = loading data in the Page Table 
Virtual Page = 0x00000000

Location: TRANSLATION
Action = Translation Address  - Using = Page Table
|----------------------------------------------------|     |----------------------------------------------------|
|                  Virtual Address                   |     |                    Real Address                    |
|----------------------------------------------------|     |----------------------------------------------------|
|        Virtual Page          |PageOffSet|ByteOffSet| --> |           Frame Page         |PageOffSet|ByteOffSet|
|------------------------------|----------|----------|     |-----------------------------------------|----------|
|  0000000000000000000000000000|        10|       XX |     |  0000000000000000000000000001|        10|       XX |
|----------------------------------------------------|     |----------------------------------------------------|


Location: TLB
Action = Store Operation - Access Type = miss
Cache Type = TLB
|---------------------------------------------------------------------------------------|
|                                |                    |   Word  |     Page    |   Byte  |
|               Tag              |         Set        |  OffSet |    OffSet   |  OffSet |
|---------------------------------------------------------------------------------------|
|    0000000000000000000000000000|                 ---|      ---|           10|      XX |
|---------------------------------------------------------------------------------------|
|                         28 bits|              0 bits|   0 bits|       2 bits|   2 bits|
|---------------------------------------------------------------------------------------|

-----------------------       End of translation        -----------------------

Location: MAINMEMORY
Action = Loading data from Main Memory  
Block = 6 


----------------------- Step: 002 to 030 || Trace: 2 6 -----------------------

-----------------------    Beginning of translation   -----------------------

Location: TLB
Action = load operation - Access Type = miss
Cache Type = Accessing TLB
|---------------------------------------------------------------------------------------|
|                                |                    |   Word  |     Page    |   Byte  |
|               Tag              |         Set        |  OffSet |    OffSet   |  OffSet |
|---------------------------------------------------------------------------------------|
|    0000000000000000000000000001|                 ---|      ---|           10|      XX |
|---------------------------------------------------------------------------------------|
|                         28 bits|              0 bits|   0 bits|       2 bits|   2 bits|
|---------------------------------------------------------------------------------------|

Location: PAGETABLE
Action = loading data in the Page Table 
Virtual Page = 0x00000001

Location: TRANSLATION
Action = Translation Address  - Using = Page Table
|----------------------------------------------------|     |----------------------------------------------------|
|                  Virtual Address                   |     |                    Real Address                    |
|----------------------------------------------------|     |----------------------------------------------------|
|        Virtual Page          |PageOffSet|ByteOffSet| --> |           Frame Page         |PageOffSet|ByteOffSet|
|------------------------------|----------|----------|     |-----------------------------------------|----------|
|  0000000000000000000000000001|        10|       XX |     |  0000000000000000000000000000|        10|       XX |
|----------------------------------------------------|     |----------------------------------------------------|


Location: TLB
Action = Store Operation - Access Type = miss
Cache Type = TLB
|---------------------------------------------------------------------------------------|
|                                |                    |   Word  |     Page    |   Byte  |
|               Tag              |         Set        |  OffSet |    OffSet   |  OffSet |
|---------------------------------------------------------------------------------------|
|    0000000000000000000000000001|                 ---|      ---|           10|      XX |
|---------------------------------------------------------------------------------------|
|                         28 bits|              0 bits|   0 bits|       2 bits|   2 bits|
|---------------------------------------------------------------------------------------|

-----------------------       End of translation        -----------------------

Location: MAINMEMORY
Action = Loading data from Main Memory  
Block = 2 


----------------------- Step: 003 to 030 || Trace: 2 3 -----------------------

-----------------------    Beginning of translation   -----------------------

Location: TLB
Action = load operation - Access Type = hit
Cache Type = Accessing TLB
|---------------------------------------------------------------------------------------|
|                                |                    |   Word  |     Page    |   Byte  |
|               Tag              |         Set        |  OffSet |    OffSet   |  OffSet |
|---------------------------------------------------------------------------------------|
|    0000000000000000000000000000|                 ---|      ---|           11|      XX |
|---------------------------------------------------------------------------------------|
|                         28 bits|              0 bits|   0 bits|       2 bits|   2 bits|
|---------------------------------------------------------------------------------------|

Location: TRANSLATION
Action = Translation Address  - Using = TLB
|----------------------------------------------------|     |----------------------------------------------------|
|                  Virtual Address                   |     |                    Real Address                    |
|----------------------------------------------------|     |----------------------------------------------------|
|        Virtual Page          |PageOffSet|ByteOffSet| --> |           Frame Page         |PageOffSet|ByteOffSet|
|------------------------------|----------|----------|     |-----------------------------------------|----------|
|  0000000000000000000000000000|        11|       XX |     |  0000000000000000000000000001|        11|       XX |
|----------------------------------------------------|     |----------------------------------------------------|


-----------------------       End of translation        -----------------------

Location: MAINMEMORY
Action = Loading data from Main Memory  
Block = 7 


----------------------- Step: 004 to 030 || Trace: 2 0 -----------------------

-----------------------    Beginning of translation   -----------------------

Location: TLB
Action = load operation - Access Type = hit
Cache Type = Accessing TLB
|---------------------------------------------------------------------------------------|
|                                |                    |   Word  |     Page    |   Byte  |
|               Tag              |         Set        |  OffSet |    OffSet   |  OffSet |
|---------------------------------------------------------------------------------------|
|    0000000000000000000000000000|                 ---|      ---|           00|      XX |
|---------------------------------------------------------------------------------------|
|                         28 bits|              0 bits|   0 bits|       2 bits|   2 bits|
|---------------------------------------------------------------------------------------|

Location: TRANSLATION
Action = Translation Address  - Using = TLB
|----------------------------------------------------|     |----------------------------------------------------|
|                  Virtual Address                   |     |                    Real Address                    |
|----------------------------------------------------|     |----------------------------------------------------|
|        Virtual Page          |PageOffSet|ByteOffSet| --> |           Frame Page         |PageOffSet|ByteOffSet|
|------------------------------|----------|----------|     |-----------------------------------------|----------|
|  0000000000000000000000000000|        00|       XX |     |  0000000000000000000000000001|        00|       XX |
|----------------------------------------------------|     |----------------------------------------------------|


-----------------------       End of translation        -----------------------

Location: MAINMEMORY
Action = Loading data from Main Memory  
Block = 4 


----------------------- Step: 005 to 030 || Trace: 2 7 -----------------------

-----------------------    Beginning of translation   -----------------------

Location: TLB
Action = load operation - Access Type = hit
Cache Type = Accessing TLB
|---------------------------------------------------------------------------------------|
|                                |                    |   Word  |     Page    |   Byte  |
|               Tag              |         Set        |  OffSet |    OffSet   |  OffSet |
|---------------------------------------------------------------------------------------|
|    0000000000000000000000000001|                 ---|      ---|           11|      XX |
|---------------------------------------------------------------------------------------|
|                         28 bits|              0 bits|   0 bits|       2 bits|   2 bits|
|---------------------------------------------------------------------------------------|

Location: TRANSLATION
Action = Translation Address  - Using = TLB
|----------------------------------------------------|     |----------------------------------------------------|
|                  Virtual Address                   |     |                    Real Address                    |
|----------------------------------------------------|     |----------------------------------------------------|
|        Virtual Page          |PageOffSet|ByteOffSet| --> |           Frame Page         |PageOffSet|ByteOffSet|
|------------------------------|----------|----------|     |-----------------------------------------|----------|
|  0000000000000000000000000001|        11|       XX |     |  0000000000000000000000000000|        11|       XX |
|----------------------------------------------------|     |----------------------------------------------------|


-----------------------       End of translation        -----------------------

Location: MAINMEMORY
Action = Loading data from Main Memory  
Block = 3 


----------------------- Step: 006 to 030 || Trace: 2 1 -----------------------

-----------------------    Beginning of translation   -----------------------

Location: TLB
Action = load operation - Access Type = hit
Cache Type = Accessing TLB
|---------------------------------------------------------------------------------------|
|                                |                    |   Word  |     Page    |   Byte  |
|               Tag              |         Set        |  OffSet |    OffSet   |  OffSet |
|---------------------------------------------------------------------------------------|
|    0000000000000000000000000000|                 ---|      ---|           01|      XX |
|---------------------------------------------------------------------------------------|
|                         28 bits|              0 bits|   0 bits|       2 bits|   2 bits|
|---------------------------------------------------------------------------------------|

Location: TRANSLATION
Action = Translation Address  - Using = TLB
|----------------------------------------------------|     |----------------------------------------------------|
|                  Virtual Address                   |     |                    Real Address                    |
|----------------------------------------------------|     |----------------------------------------------------|
|        Virtual Page          |PageOffSet|ByteOffSet| --> |           Frame Page         |PageOffSet|ByteOffSet|
|------------------------------|----------|----------|     |-----------------------------------------|----------|
|  0000000000000000000000000000|        01|       XX |     |  0000000000000000000000000001|        01|       XX |
|----------------------------------------------------|     |----------------------------------------------------|


-----------------------       End of translation        -----------------------

Location: MAINMEMORY
Action = Loading data from Main Memory  
Block = 5 


----------------------- Step: 007 to 030 || Trace: 2 5 -----------------------

-----------------------    Beginning of translation   -----------------------

Location: TLB
Action = load operation - Access Type = hit
Cache Type = Accessing TLB
|---------------------------------------------------------------------------------------|
|                                |                    |   Word  |     Page    |   Byte  |
|               Tag              |         Set        |  OffSet |    OffSet   |  OffSet |
|---------------------------------------------------------------------------------------|
|    0000000000000000000000000001|                 ---|      ---|           01|      XX |
|---------------------------------------------------------------------------------------|
|                         28 bits|              0 bits|   0 bits|       2 bits|   2 bits|
|---------------------------------------------------------------------------------------|

Location: TRANSLATION
Action = Translation Address  - Using = TLB
|----------------------------------------------------|     |----------------------------------------------------|
|                  Virtual Address                   |     |                    Real Address                    |
|----------------------------------------------------|     |----------------------------------------------------|
|        Virtual Page          |PageOffSet|ByteOffSet| --> |           Frame Page         |PageOffSet|ByteOffSet|
|------------------------------|----------|----------|     |-----------------------------------------|----------|
|  0000000000000000000000000001|        01|       XX |     |  0000000000000000000000000000|        01|       XX |
|----------------------------------------------------|     |----------------------------------------------------|


-----------------------       End of translation        -----------------------

Location: MAINMEMORY
Action = Loading data from Main Memory  
Block = 1 


----------------------- Step: 008 to 030 || Trace: 2 4 -----------------------

-----------------------    Beginning of translation   -----------------------

Location: TLB
Action = load operation - Access Type = hit
Cache Type = Accessing TLB
|---------------------------------------------------------------------------------------|
|                                |                    |   Word  |     Page    |   Byte  |
|               Tag              |         Set        |  OffSet |    OffSet   |  OffSet |
|---------------------------------------------------------------------------------------|
|    0000000000000000000000000001|                 ---|      ---|           00|      XX |
|---------------------------------------------------------------------------------------|
|                         28 bits|              0 bits|   0 bits|       2 bits|   2 bits|
|---------------------------------------------------------------------------------------|

Location: TRANSLATION
Action = Translation Address  - Using = TLB
|----------------------------------------------------|     |----------------------------------------------------|
|                  Virtual Address                   |     |                    Real Address                    |
|----------------------------------------------------|     |----------------------------------------------------|
|        Virtual Page          |PageOffSet|ByteOffSet| --> |           Frame Page         |PageOffSet|ByteOffSet|
|------------------------------|----------|----------|     |-----------------------------------------|----------|
|  0000000000000000000000000001|        00|       XX |     |  0000000000000000000000000000|        00|       XX |
|----------------------------------------------------|     |----------------------------------------------------|


-----------------------       End of translation        -----------------------

Location: MAINMEMORY
Action = Loading data from Main Memory  
Block = 0 


----------------------- Step: 009 to 030 || Trace: 2 1 -----------------------

-----------------------    Beginning of translation   -----------------------

Location: TLB
Action = load operation - Access Type = hit
Cache Type = Accessing TLB
|---------------------------------------------------------------------------------------|
|                                |                    |   Word  |     Page    |   Byte  |
|               Tag              |         Set        |  OffSet |    OffSet   |  OffSet |
|---------------------------------------------------------------------------------------|
|    0000000000000000000000000000|                 ---|      ---|           01|      XX |
|---------------------------------------------------------------------------------------|
|                         28 bits|              0 bits|   0 bits|       2 bits|   2 bits|
|---------------------------------------------------------------------------------------|

Location: TRANSLATION
Action = Translation Address  - Using = TLB
|----------------------------------------------------|     |----------------------------------------------------|
|                  Virtual Address                   |     |                    Real Address                    |
|----------------------------------------------------|     |----------------------------------------------------|
|        Virtual Page          |PageOffSet|ByteOffSet| --> |           Frame Page         |PageOffSet|ByteOffSet|
|------------------------------|----------|----------|     |-----------------------------------------|----------|
|  0000000000000000000000000000|        01|       XX |     |  0000000000000000000000000001|        01|       XX |
|----------------------------------------------------|     |----------------------------------------------------|


-----------------------       End of translation        -----------------------

Location: MAINMEMORY
Action = Loading data from Main Memory  
Block = 5 


----------------------- Step: 010 to 030 || Trace: 2 6 -----------------------

-----------------------    Beginning of translation   -----------------------

Location: TLB
Action = load operation - Access Type = hit
Cache Type = Accessing TLB
|---------------------------------------------------------------------------------------|
|                                |                    |   Word  |     Page    |   Byte  |
|               Tag              |         Set        |  OffSet |    OffSet   |  OffSet |
|---------------------------------------------------------------------------------------|
|    0000000000000000000000000001|                 ---|      ---|           10|      XX |
|---------------------------------------------------------------------------------------|
|                         28 bits|              0 bits|   0 bits|       2 bits|   2 bits|
|---------------------------------------------------------------------------------------|

Location: TRANSLATION
Action = Translation Address  - Using = TLB
|----------------------------------------------------|     |----------------------------------------------------|
|                  Virtual Address                   |     |                    Real Address                    |
|----------------------------------------------------|     |----------------------------------------------------|
|        Virtual Page          |PageOffSet|ByteOffSet| --> |           Frame Page         |PageOffSet|ByteOffSet|
|------------------------------|----------|----------|     |-----------------------------------------|----------|
|  0000000000000000000000000001|        10|       XX |     |  0000000000000000000000000000|        10|       XX |
|----------------------------------------------------|     |----------------------------------------------------|


-----------------------       End of translation        -----------------------

Location: MAINMEMORY
Action = Loading data from Main Memory  
Block = 2 


----------------------- Step: 011 to 030 || Trace: 2 7 -----------------------

-----------------------    Beginning of translation   -----------------------

Location: TLB
Action = load operation - Access Type = hit
Cache Type = Accessing TLB
|---------------------------------------------------------------------------------------|
|                                |                    |   Word  |     Page    |   Byte  |
|               Tag              |         Set        |  OffSet |    OffSet   |  OffSet |
|---------------------------------------------------------------------------------------|
|    0000000000000000000000000001|                 ---|      ---|           11|      XX |
|---------------------------------------------------------------------------------------|
|                         28 bits|              0 bits|   0 bits|       2 bits|   2 bits|
|---------------------------------------------------------------------------------------|

Location: TRANSLATION
Action = Translation Address  - Using = TLB
|----------------------------------------------------|     |----------------------------------------------------|
|                  Virtual Address                   |     |                    Real Address                    |
|----------------------------------------------------|     |----------------------------------------------------|
|        Virtual Page          |PageOffSet|ByteOffSet| --> |           Frame Page         |PageOffSet|ByteOffSet|
|------------------------------|----------|----------|     |-----------------------------------------|----------|
|  0000000000000000000000000001|        11|       XX |     |  0000000000000000000000000000|        11|       XX |
|----------------------------------------------------|     |----------------------------------------------------|


-----------------------       End of translation        -----------------------

Location: MAINMEMORY
Action = Loading data from Main Memory  
Block = 3 


----------------------- Step: 012 to 030 || Trace: 2 3 -----------------------

-----------------------    Beginning of translation   -----------------------

Location: TLB
Action = load operation - Access Type = hit
Cache Type = Accessing TLB
|---------------------------------------------------------------------------------------|
|                                |                    |   Word  |     Page    |   Byte  |
|               Tag              |         Set        |  OffSet |    OffSet   |  OffSet |
|---------------------------------------------------------------------------------------|
|    0000000000000000000000000000|                 ---|      ---|           11|      XX |
|---------------------------------------------------------------------------------------|
|                         28 bits|              0 bits|   0 bits|       2 bits|   2 bits|
|---------------------------------------------------------------------------------------|

Location: TRANSLATION
Action = Translation Address  - Using = TLB
|----------------------------------------------------|     |----------------------------------------------------|
|                  Virtual Address                   |     |                    Real Address                    |
|----------------------------------------------------|     |----------------------------------------------------|
|        Virtual Page          |PageOffSet|ByteOffSet| --> |           Frame Page         |PageOffSet|ByteOffSet|
|------------------------------|----------|----------|     |-----------------------------------------|----------|
|  0000000000000000000000000000|        11|       XX |     |  0000000000000000000000000001|        11|       XX |
|----------------------------------------------------|     |----------------------------------------------------|


-----------------------       End of translation        -----------------------

Location: MAINMEMORY
Action = Loading data from Main Memory  
Block = 7 


----------------------- Step: 013 to 030 || Trace: 2 0 -----------------------

-----------------------    Beginning of translation   -----------------------

Location: TLB
Action = load operation - Access Type = hit
Cache Type = Accessing TLB
|---------------------------------------------------------------------------------------|
|                                |                    |   Word  |     Page    |   Byte  |
|               Tag              |         Set        |  OffSet |    OffSet   |  OffSet |
|---------------------------------------------------------------------------------------|
|    0000000000000000000000000000|                 ---|      ---|           00|      XX |
|---------------------------------------------------------------------------------------|
|                         28 bits|              0 bits|   0 bits|       2 bits|   2 bits|
|---------------------------------------------------------------------------------------|

Location: TRANSLATION
Action = Translation Address  - Using = TLB
|----------------------------------------------------|     |----------------------------------------------------|
|                  Virtual Address                   |     |                    Real Address                    |
|----------------------------------------------------|     |----------------------------------------------------|
|        Virtual Page          |PageOffSet|ByteOffSet| --> |           Frame Page         |PageOffSet|ByteOffSet|
|------------------------------|----------|----------|     |-----------------------------------------|----------|
|  0000000000000000000000000000|        00|       XX |     |  0000000000000000000000000001|        00|       XX |
|----------------------------------------------------|     |----------------------------------------------------|


-----------------------       End of translation        -----------------------

Location: MAINMEMORY
Action = Loading data from Main Memory  
Block = 4 


----------------------- Step: 014 to 030 || Trace: 2 2 -----------------------

-----------------------    Beginning of translation   -----------------------

Location: TLB
Action = load operation - Access Type = hit
Cache Type = Accessing TLB
|---------------------------------------------------------------------------------------|
|                                |                    |   Word  |     Page    |   Byte  |
|               Tag              |         Set        |  OffSet |    OffSet   |  OffSet |
|---------------------------------------------------------------------------------------|
|    0000000000000000000000000000|                 ---|      ---|           10|      XX |
|---------------------------------------------------------------------------------------|
|                         28 bits|              0 bits|   0 bits|       2 bits|   2 bits|
|---------------------------------------------------------------------------------------|

Location: TRANSLATION
Action = Translation Address  - Using = TLB
|----------------------------------------------------|     |----------------------------------------------------|
|                  Virtual Address                   |     |                    Real Address                    |
|----------------------------------------------------|     |----------------------------------------------------|
|        Virtual Page          |PageOffSet|ByteOffSet| --> |           Frame Page         |PageOffSet|ByteOffSet|
|------------------------------|----------|----------|     |-----------------------------------------|----------|
|  0000000000000000000000000000|        10|       XX |     |  0000000000000000000000000001|        10|       XX |
|----------------------------------------------------|     |----------------------------------------------------|


-----------------------       End of translation        -----------------------

Location: MAINMEMORY
Action = Loading data from Main Memory  
Block = 6 


----------------------- Step: 015 to 030 || Trace: 2 1 -----------------------

-----------------------    Beginning of translation   -----------------------

Location: TLB
Action = load operation - Access Type = hit
Cache Type = Accessing TLB
|---------------------------------------------------------------------------------------|
|                                |                    |   Word  |     Page    |   Byte  |
|               Tag              |         Set        |  OffSet |    OffSet   |  OffSet |
|---------------------------------------------------------------------------------------|
|    0000000000000000000000000000|                 ---|      ---|           01|      XX |
|---------------------------------------------------------------------------------------|
|                         28 bits|              0 bits|   0 bits|       2 bits|   2 bits|
|---------------------------------------------------------------------------------------|

Location: TRANSLATION
Action = Translation Address  - Using = TLB
|----------------------------------------------------|     |----------------------------------------------------|
|                  Virtual Address                   |     |                    Real Address                    |
|----------------------------------------------------|     |----------------------------------------------------|
|        Virtual Page          |PageOffSet|ByteOffSet| --> |           Frame Page         |PageOffSet|ByteOffSet|
|------------------------------|----------|----------|     |-----------------------------------------|----------|
|  0000000000000000000000000000|        01|       XX |     |  0000000000000000000000000001|        01|       XX |
|----------------------------------------------------|     |----------------------------------------------------|


-----------------------       End of translation        -----------------------

Location: MAINMEMORY
Action = Loading data from Main Memory  
Block = 5 


----------------------- Step: 016 to 030 || Trace: 2 4 -----------------------

-----------------------    Beginning of translation   -----------------------

Location: TLB
Action = load operation - Access Type = hit
Cache Type = Accessing TLB
|---------------------------------------------------------------------------------------|
|                                |                    |   Word  |     Page    |   Byte  |
|               Tag              |         Set        |  OffSet |    OffSet   |  OffSet |
|---------------------------------------------------------------------------------------|
|    0000000000000000000000000001|                 ---|      ---|           00|      XX |
|---------------------------------------------------------------------------------------|
|                         28 bits|              0 bits|   0 bits|       2 bits|   2 bits|
|---------------------------------------------------------------------------------------|

Location: TRANSLATION
Action = Translation Address  - Using = TLB
|----------------------------------------------------|     |----------------------------------------------------|
|                  Virtual Address                   |     |                    Real Address                    |
|----------------------------------------------------|     |----------------------------------------------------|
|        Virtual Page          |PageOffSet|ByteOffSet| --> |           Frame Page         |PageOffSet|ByteOffSet|
|------------------------------|----------|----------|     |-----------------------------------------|----------|
|  0000000000000000000000000001|        00|       XX |     |  0000000000000000000000000000|        00|       XX |
|----------------------------------------------------|     |----------------------------------------------------|


-----------------------       End of translation        -----------------------

Location: MAINMEMORY
Action = Loading data from Main Memory  
Block = 0 


----------------------- Step: 017 to 030 || Trace: 2 5 -----------------------

-----------------------    Beginning of translation   -----------------------

Location: TLB
Action = load operation - Access Type = hit
Cache Type = Accessing TLB
|---------------------------------------------------------------------------------------|
|                                |                    |   Word  |     Page    |   Byte  |
|               Tag              |         Set        |  OffSet |    OffSet   |  OffSet |
|---------------------------------------------------------------------------------------|
|    0000000000000000000000000001|                 ---|      ---|           01|      XX |
|---------------------------------------------------------------------------------------|
|                         28 bits|              0 bits|   0 bits|       2 bits|   2 bits|
|---------------------------------------------------------------------------------------|

Location: TRANSLATION
Action = Translation Address  - Using = TLB
|----------------------------------------------------|     |----------------------------------------------------|
|                  Virtual Address                   |     |                    Real Address                    |
|----------------------------------------------------|     |----------------------------------------------------|
|        Virtual Page          |PageOffSet|ByteOffSet| --> |           Frame Page         |PageOffSet|ByteOffSet|
|------------------------------|----------|----------|     |-----------------------------------------|----------|
|  0000000000000000000000000001|        01|       XX |     |  0000000000000000000000000000|        01|       XX |
|----------------------------------------------------|     |----------------------------------------------------|


-----------------------       End of translation        -----------------------

Location: MAINMEMORY
Action = Loading data from Main Memory  
Block = 1 


----------------------- Step: 018 to 030 || Trace: 2 6 -----------------------

-----------------------    Beginning of translation   -----------------------

Location: TLB
Action = load operation - Access Type = hit
Cache Type = Accessing TLB
|---------------------------------------------------------------------------------------|
|                                |                    |   Word  |     Page    |   Byte  |
|               Tag              |         Set        |  OffSet |    OffSet   |  OffSet |
|---------------------------------------------------------------------------------------|
|    0000000000000000000000000001|                 ---|      ---|           10|      XX |
|---------------------------------------------------------------------------------------|
|                         28 bits|              0 bits|   0 bits|       2 bits|   2 bits|
|---------------------------------------------------------------------------------------|

Location: TRANSLATION
Action = Translation Address  - Using = TLB
|----------------------------------------------------|     |----------------------------------------------------|
|                  Virtual Address                   |     |                    Real Address                    |
|----------------------------------------------------|     |----------------------------------------------------|
|        Virtual Page          |PageOffSet|ByteOffSet| --> |           Frame Page         |PageOffSet|ByteOffSet|
|------------------------------|----------|----------|     |-----------------------------------------|----------|
|  0000000000000000000000000001|        10|       XX |     |  0000000000000000000000000000|        10|       XX |
|----------------------------------------------------|     |----------------------------------------------------|


-----------------------       End of translation        -----------------------

Location: MAINMEMORY
Action = Loading data from Main Memory  
Block = 2 


----------------------- Step: 019 to 030 || Trace: 2 7 -----------------------

-----------------------    Beginning of translation   -----------------------

Location: TLB
Action = load operation - Access Type = hit
Cache Type = Accessing TLB
|---------------------------------------------------------------------------------------|
|                                |                    |   Word  |     Page    |   Byte  |
|               Tag              |         Set        |  OffSet |    OffSet   |  OffSet |
|---------------------------------------------------------------------------------------|
|    0000000000000000000000000001|                 ---|      ---|           11|      XX |
|---------------------------------------------------------------------------------------|
|                         28 bits|              0 bits|   0 bits|       2 bits|   2 bits|
|---------------------------------------------------------------------------------------|

Location: TRANSLATION
Action = Translation Address  - Using = TLB
|----------------------------------------------------|     |----------------------------------------------------|
|                  Virtual Address                   |     |                    Real Address                    |
|----------------------------------------------------|     |----------------------------------------------------|
|        Virtual Page          |PageOffSet|ByteOffSet| --> |           Frame Page         |PageOffSet|ByteOffSet|
|------------------------------|----------|----------|     |-----------------------------------------|----------|
|  0000000000000000000000000001|        11|       XX |     |  0000000000000000000000000000|        11|       XX |
|----------------------------------------------------|     |----------------------------------------------------|


-----------------------       End of translation        -----------------------

Location: MAINMEMORY
Action = Loading data from Main Memory  
Block = 3 


----------------------- Step: 020 to 030 || Trace: 2 2 -----------------------

-----------------------    Beginning of translation   -----------------------

Location: TLB
Action = load operation - Access Type = hit
Cache Type = Accessing TLB
|---------------------------------------------------------------------------------------|
|                                |                    |   Word  |     Page    |   Byte  |
|               Tag              |         Set        |  OffSet |    OffSet   |  OffSet |
|---------------------------------------------------------------------------------------|
|    0000000000000000000000000000|                 ---|      ---|           10|      XX |
|---------------------------------------------------------------------------------------|
|                         28 bits|              0 bits|   0 bits|       2 bits|   2 bits|
|---------------------------------------------------------------------------------------|

Location: TRANSLATION
Action = Translation Address  - Using = TLB
|----------------------------------------------------|     |----------------------------------------------------|
|                  Virtual Address                   |     |                    Real Address                    |
|----------------------------------------------------|     |----------------------------------------------------|
|        Virtual Page          |PageOffSet|ByteOffSet| --> |           Frame Page         |PageOffSet|ByteOffSet|
|------------------------------|----------|----------|     |-----------------------------------------|----------|
|  0000000000000000000000000000|        10|       XX |     |  0000000000000000000000000001|        10|       XX |
|----------------------------------------------------|     |----------------------------------------------------|


-----------------------       End of translation        -----------------------

Location: MAINMEMORY
Action = Loading data from Main Memory  
Block = 6 


----------------------- Step: 021 to 030 || Trace: 2 0 -----------------------

-----------------------    Beginning of translation   -----------------------

Location: TLB
Action = load operation - Access Type = hit
Cache Type = Accessing TLB
|---------------------------------------------------------------------------------------|
|                                |                    |   Word  |     Page    |   Byte  |
|               Tag              |         Set        |  OffSet |    OffSet   |  OffSet |
|---------------------------------------------------------------------------------------|
|    0000000000000000000000000000|                 ---|      ---|           00|      XX |
|---------------------------------------------------------------------------------------|
|                         28 bits|              0 bits|   0 bits|       2 bits|   2 bits|
|---------------------------------------------------------------------------------------|

Location: TRANSLATION
Action = Translation Address  - Using = TLB
|----------------------------------------------------|     |----------------------------------------------------|
|                  Virtual Address                   |     |                    Real Address                    |
|----------------------------------------------------|     |----------------------------------------------------|
|        Virtual Page          |PageOffSet|ByteOffSet| --> |           Frame Page         |PageOffSet|ByteOffSet|
|------------------------------|----------|----------|     |-----------------------------------------|----------|
|  0000000000000000000000000000|        00|       XX |     |  0000000000000000000000000001|        00|       XX |
|----------------------------------------------------|     |----------------------------------------------------|


-----------------------       End of translation        -----------------------

Location: MAINMEMORY
Action = Loading data from Main Memory  
Block = 4 


----------------------- Step: 022 to 030 || Trace: 2 4 -----------------------

-----------------------    Beginning of translation   -----------------------

Location: TLB
Action = load operation - Access Type = hit
Cache Type = Accessing TLB
|---------------------------------------------------------------------------------------|
|                                |                    |   Word  |     Page    |   Byte  |
|               Tag              |         Set        |  OffSet |    OffSet   |  OffSet |
|---------------------------------------------------------------------------------------|
|    0000000000000000000000000001|                 ---|      ---|           00|      XX |
|---------------------------------------------------------------------------------------|
|                         28 bits|              0 bits|   0 bits|       2 bits|   2 bits|
|---------------------------------------------------------------------------------------|

Location: TRANSLATION
Action = Translation Address  - Using = TLB
|----------------------------------------------------|     |----------------------------------------------------|
|                  Virtual Address                   |     |                    Real Address                    |
|----------------------------------------------------|     |----------------------------------------------------|
|        Virtual Page          |PageOffSet|ByteOffSet| --> |           Frame Page         |PageOffSet|ByteOffSet|
|------------------------------|----------|----------|     |-----------------------------------------|----------|
|  0000000000000000000000000001|        00|       XX |     |  0000000000000000000000000000|        00|       XX |
|----------------------------------------------------|     |----------------------------------------------------|


-----------------------       End of translation        -----------------------

Location: MAINMEMORY
Action = Loading data from Main Memory  
Block = 0 


----------------------- Step: 023 to 030 || Trace: 2 5 -----------------------

-----------------------    Beginning of translation   -----------------------

Location: TLB
Action = load operation - Access Type = hit
Cache Type = Accessing TLB
|---------------------------------------------------------------------------------------|
|                                |                    |   Word  |     Page    |   Byte  |
|               Tag              |         Set        |  OffSet |    OffSet   |  OffSet |
|---------------------------------------------------------------------------------------|
|    0000000000000000000000000001|                 ---|      ---|           01|      XX |
|---------------------------------------------------------------------------------------|
|                         28 bits|              0 bits|   0 bits|       2 bits|   2 bits|
|---------------------------------------------------------------------------------------|

Location: TRANSLATION
Action = Translation Address  - Using = TLB
|----------------------------------------------------|     |----------------------------------------------------|
|                  Virtual Address                   |     |                    Real Address                    |
|----------------------------------------------------|     |----------------------------------------------------|
|        Virtual Page          |PageOffSet|ByteOffSet| --> |           Frame Page         |PageOffSet|ByteOffSet|
|------------------------------|----------|----------|     |-----------------------------------------|----------|
|  0000000000000000000000000001|        01|       XX |     |  0000000000000000000000000000|        01|       XX |
|----------------------------------------------------|     |----------------------------------------------------|


-----------------------       End of translation        -----------------------

Location: MAINMEMORY
Action = Loading data from Main Memory  
Block = 1 


----------------------- Step: 024 to 030 || Trace: 2 1 -----------------------

-----------------------    Beginning of translation   -----------------------

Location: TLB
Action = load operation - Access Type = hit
Cache Type = Accessing TLB
|---------------------------------------------------------------------------------------|
|                                |                    |   Word  |     Page    |   Byte  |
|               Tag              |         Set        |  OffSet |    OffSet   |  OffSet |
|---------------------------------------------------------------------------------------|
|    0000000000000000000000000000|                 ---|      ---|           01|      XX |
|---------------------------------------------------------------------------------------|
|                         28 bits|              0 bits|   0 bits|       2 bits|   2 bits|
|---------------------------------------------------------------------------------------|

Location: TRANSLATION
Action = Translation Address  - Using = TLB
|----------------------------------------------------|     |----------------------------------------------------|
|                  Virtual Address                   |     |                    Real Address                    |
|----------------------------------------------------|     |----------------------------------------------------|
|        Virtual Page          |PageOffSet|ByteOffSet| --> |           Frame Page         |PageOffSet|ByteOffSet|
|------------------------------|----------|----------|     |-----------------------------------------|----------|
|  0000000000000000000000000000|        01|       XX |     |  0000000000000000000000000001|        01|       XX |
|----------------------------------------------------|     |----------------------------------------------------|


-----------------------       End of translation        -----------------------

Location: MAINMEMORY
Action = Loading data from Main Memory  
Block = 5 


----------------------- Step: 025 to 030 || Trace: 2 3 -----------------------

-----------------------    Beginning of translation   -----------------------

Location: TLB
Action = load operation - Access Type = hit
Cache Type = Accessing TLB
|---------------------------------------------------------------------------------------|
|                                |                    |   Word  |     Page    |   Byte  |
|               Tag              |         Set        |  OffSet |    OffSet   |  OffSet |
|---------------------------------------------------------------------------------------|
|    0000000000000000000000000000|                 ---|      ---|           11|      XX |
|---------------------------------------------------------------------------------------|
|                         28 bits|              0 bits|   0 bits|       2 bits|   2 bits|
|---------------------------------------------------------------------------------------|

Location: TRANSLATION
Action = Translation Address  - Using = TLB
|----------------------------------------------------|     |----------------------------------------------------|
|                  Virtual Address                   |     |                    Real Address                    |
|----------------------------------------------------|     |----------------------------------------------------|
|        Virtual Page          |PageOffSet|ByteOffSet| --> |           Frame Page         |PageOffSet|ByteOffSet|
|------------------------------|----------|----------|     |-----------------------------------------|----------|
|  0000000000000000000000000000|        11|       XX |     |  0000000000000000000000000001|        11|       XX |
|----------------------------------------------------|     |----------------------------------------------------|


-----------------------       End of translation        -----------------------

Location: MAINMEMORY
Action = Loading data from Main Memory  
Block = 7 


----------------------- Step: 026 to 030 || Trace: 2 6 -----------------------

-----------------------    Beginning of translation   -----------------------

Location: TLB
Action = load operation - Access Type = hit
Cache Type = Accessing TLB
|---------------------------------------------------------------------------------------|
|                                |                    |   Word  |     Page    |   Byte  |
|               Tag              |         Set        |  OffSet |    OffSet   |  OffSet |
|---------------------------------------------------------------------------------------|
|    0000000000000000000000000001|                 ---|      ---|           10|      XX |
|---------------------------------------------------------------------------------------|
|                         28 bits|              0 bits|   0 bits|       2 bits|   2 bits|
|---------------------------------------------------------------------------------------|

Location: TRANSLATION
Action = Translation Address  - Using = TLB
|----------------------------------------------------|     |----------------------------------------------------|
|                  Virtual Address                   |     |                    Real Address                    |
|----------------------------------------------------|     |----------------------------------------------------|
|        Virtual Page          |PageOffSet|ByteOffSet| --> |           Frame Page         |PageOffSet|ByteOffSet|
|------------------------------|----------|----------|     |-----------------------------------------|----------|
|  0000000000000000000000000001|        10|       XX |     |  0000000000000000000000000000|        10|       XX |
|----------------------------------------------------|     |----------------------------------------------------|


-----------------------       End of translation        -----------------------

Location: MAINMEMORY
Action = Loading data from Main Memory  
Block = 2 


----------------------- Step: 027 to 030 || Trace: 2 0 -----------------------

-----------------------    Beginning of translation   -----------------------

Location: TLB
Action = load operation - Access Type = hit
Cache Type = Accessing TLB
|---------------------------------------------------------------------------------------|
|                                |                    |   Word  |     Page    |   Byte  |
|               Tag              |         Set        |  OffSet |    OffSet   |  OffSet |
|---------------------------------------------------------------------------------------|
|    0000000000000000000000000000|                 ---|      ---|           00|      XX |
|---------------------------------------------------------------------------------------|
|                         28 bits|              0 bits|   0 bits|       2 bits|   2 bits|
|---------------------------------------------------------------------------------------|

Location: TRANSLATION
Action = Translation Address  - Using = TLB
|----------------------------------------------------|     |----------------------------------------------------|
|                  Virtual Address                   |     |                    Real Address                    |
|----------------------------------------------------|     |----------------------------------------------------|
|        Virtual Page          |PageOffSet|ByteOffSet| --> |           Frame Page         |PageOffSet|ByteOffSet|
|------------------------------|----------|----------|     |-----------------------------------------|----------|
|  0000000000000000000000000000|        00|       XX |     |  0000000000000000000000000001|        00|       XX |
|----------------------------------------------------|     |----------------------------------------------------|


-----------------------       End of translation        -----------------------

Location: MAINMEMORY
Action = Loading data from Main Memory  
Block = 4 


----------------------- Step: 028 to 030 || Trace: 2 4 -----------------------

-----------------------    Beginning of translation   -----------------------

Location: TLB
Action = load operation - Access Type = hit
Cache Type = Accessing TLB
|---------------------------------------------------------------------------------------|
|                                |                    |   Word  |     Page    |   Byte  |
|               Tag              |         Set        |  OffSet |    OffSet   |  OffSet |
|---------------------------------------------------------------------------------------|
|    0000000000000000000000000001|                 ---|      ---|           00|      XX |
|---------------------------------------------------------------------------------------|
|                         28 bits|              0 bits|   0 bits|       2 bits|   2 bits|
|---------------------------------------------------------------------------------------|

Location: TRANSLATION
Action = Translation Address  - Using = TLB
|----------------------------------------------------|     |----------------------------------------------------|
|                  Virtual Address                   |     |                    Real Address                    |
|----------------------------------------------------|     |----------------------------------------------------|
|        Virtual Page          |PageOffSet|ByteOffSet| --> |           Frame Page         |PageOffSet|ByteOffSet|
|------------------------------|----------|----------|     |-----------------------------------------|----------|
|  0000000000000000000000000001|        00|       XX |     |  0000000000000000000000000000|        00|       XX |
|----------------------------------------------------|     |----------------------------------------------------|


-----------------------       End of translation        -----------------------

Location: MAINMEMORY
Action = Loading data from Main Memory  
Block = 0 


----------------------- Step: 029 to 030 || Trace: 2 7 -----------------------

-----------------------    Beginning of translation   -----------------------

Location: TLB
Action = load operation - Access Type = hit
Cache Type = Accessing TLB
|---------------------------------------------------------------------------------------|
|                                |                    |   Word  |     Page    |   Byte  |
|               Tag              |         Set        |  OffSet |    OffSet   |  OffSet |
|---------------------------------------------------------------------------------------|
|    0000000000000000000000000001|                 ---|      ---|           11|      XX |
|---------------------------------------------------------------------------------------|
|                         28 bits|              0 bits|   0 bits|       2 bits|   2 bits|
|---------------------------------------------------------------------------------------|

Location: TRANSLATION
Action = Translation Address  - Using = TLB
|----------------------------------------------------|     |----------------------------------------------------|
|                  Virtual Address                   |     |                    Real Address                    |
|----------------------------------------------------|     |----------------------------------------------------|
|        Virtual Page          |PageOffSet|ByteOffSet| --> |           Frame Page         |PageOffSet|ByteOffSet|
|------------------------------|----------|----------|     |-----------------------------------------|----------|
|  0000000000000000000000000001|        11|       XX |     |  0000000000000000000000000000|        11|       XX |
|----------------------------------------------------|     |----------------------------------------------------|


-----------------------       End of translation        -----------------------

Location: MAINMEMORY
Action = Loading data from Main Memory  
Block = 3 


----------------------- Step: 030 to 030 || Trace: 2 2 -----------------------

-----------------------    Beginning of translation   -----------------------

Location: TLB
Action = load operation - Access Type = hit
Cache Type = Accessing TLB
|---------------------------------------------------------------------------------------|
|                                |                    |   Word  |     Page    |   Byte  |
|               Tag              |         Set        |  OffSet |    OffSet   |  OffSet |
|---------------------------------------------------------------------------------------|
|    0000000000000000000000000000|                 ---|      ---|           10|      XX |
|---------------------------------------------------------------------------------------|
|                         28 bits|              0 bits|   0 bits|       2 bits|   2 bits|
|---------------------------------------------------------------------------------------|

Location: TRANSLATION
Action = Translation Address  - Using = TLB
|----------------------------------------------------|     |----------------------------------------------------|
|                  Virtual Address                   |     |                    Real Address                    |
|----------------------------------------------------|     |----------------------------------------------------|
|        Virtual Page          |PageOffSet|ByteOffSet| --> |           Frame Page         |PageOffSet|ByteOffSet|
|------------------------------|----------|----------|     |-----------------------------------------|----------|
|  0000000000000000000000000000|        10|       XX |     |  0000000000000000000000000001|        10|       XX |
|----------------------------------------------------|     |----------------------------------------------------|


-----------------------       End of translation        -----------------------

Location: MAINMEMORY
Action = Loading data from Main Memory  
Block = 6 


------------------------------
---       Statistics       ---
------------------------------

Main Memory
  Read Access: 32
  Read Cycles: 32
  Read Time: 320
  Write Access: 0
  Write Cycles: 0
  Write Time: 0
  Total Access: 32
  Total Time: 320

Disk
  Read Access: 0
  Read Cycles: 0
  Read Time: 0
  Write Access: 0
  Write Cycles: 0
  Write Time: 0
  Total Time: 0

Page Table
  Read Access: 2
  Read Cycles: 2
  Read Time: 20
  Write Access: 0
  Write Cycles: 0
  Write Time: 0
  Total Access: 2
  Page Fault: 0
  Total Time: 20

TLB
  Read Access: 30
  Read Cycles: 30
  Read Time: 30
  Write Access: 2
  Write Cycles: 4
  Write Time: 4
  Total Access: 30
  Total Hit: 28
  Total Miss: 2
  Hit rate: 0.93333334
  Total Time: 34

 Total Time: 354