------------------------------------
--- File created by Amnesia tool ---
------------------------------------


----------------------------------
--- Architecture Configuration ---
----------------------------------

--- Main Memory ---

Memory size: 32 word(s) 
Block size: 1 word(s)/block 
Cycles per access read: 1 unity 
Cycles per access write: 2 unity 
Time cycle: 10 time unity 

--- Virtual Memory ---
Page size: 2 word(s) 
Replacement algorithm: FIFO 

---      Disk     ---
Memory size: 32 word(s) 
Cycles per access read: 1 unity 
Cycles per access write: 2 unity 
Time cycle: 100 time unity 

-------------------------
---       Trace       ---
-------------------------

2 1b
2 28
2 c
2 16
2 3
2 23
2 7
2 19
2 f
2 a
2 1c
2 d
2 2a
2 2
2 1a
2 11
2 f
2 14
2 e
2 25
2 a
2 1c
2 6
2 b
2 29
2 2b
2 1d
2 b
2 1c
2 5

------------------------------
---      Execution Log     ---
------------------------------

Location: MAINMEMORY
Action = Stored data in Main Memory  
Block = 0 


Location: MAINMEMORY
Action = Stored data in Main Memory  
Block = 1 


Location: MAINMEMORY
Action = Stored data in Main Memory  
Block = 2 


Location: MAINMEMORY
Action = Stored data in Main Memory  
Block = 3 


Location: MAINMEMORY
Action = Stored data in Main Memory  
Block = 4 


Location: MAINMEMORY
Action = Stored data in Main Memory  
Block = 5 


Location: MAINMEMORY
Action = Stored data in Main Memory  
Block = 6 


Location: MAINMEMORY
Action = Stored data in Main Memory  
Block = 7 


Location: MAINMEMORY
Action = Stored data in Main Memory  
Block = 8 


Location: MAINMEMORY
Action = Stored data in Main Memory  
Block = 9 


Location: MAINMEMORY
Action = Stored data in Main Memory  
Block = 10 


Location: MAINMEMORY
Action = Stored data in Main Memory  
Block = 11 


Location: MAINMEMORY
Action = Stored data in Main Memory  
Block = 12 


Location: MAINMEMORY
Action = Stored data in Main Memory  
Block = 13 


Location: MAINMEMORY
Action = Stored data in Main Memory  
Block = 14 


Location: MAINMEMORY
Action = Stored data in Main Memory  
Block = 15 


Location: MAINMEMORY
Action = Stored data in Main Memory  
Block = 16 


Location: MAINMEMORY
Action = Stored data in Main Memory  
Block = 17 


Location: MAINMEMORY
Action = Stored data in Main Memory  
Block = 18 


Location: MAINMEMORY
Action = Stored data in Main Memory  
Block = 19 


Location: MAINMEMORY
Action = Stored data in Main Memory  
Block = 20 


Location: MAINMEMORY
Action = Stored data in Main Memory  
Block = 21 


Location: MAINMEMORY
Action = Stored data in Main Memory  
Block = 22 


Location: MAINMEMORY
Action = Stored data in Main Memory  
Block = 23 


Location: MAINMEMORY
Action = Stored data in Main Memory  
Block = 24 


Location: MAINMEMORY
Action = Stored data in Main Memory  
Block = 25 


Location: MAINMEMORY
Action = Stored data in Main Memory  
Block = 26 


Location: MAINMEMORY
Action = Stored data in Main Memory  
Block = 27 


Location: MAINMEMORY
Action = Stored data in Main Memory  
Block = 28 


Location: MAINMEMORY
Action = Stored data in Main Memory  
Block = 29 


Location: MAINMEMORY
Action = Stored data in Main Memory  
Block = 30 


Location: MAINMEMORY
Action = Stored data in Main Memory  
Block = 31 


Location: DISK
Action = Storing page in Disk 
Address = 0x00000000 - Page 0


Location: DISK
Action = Storing page in Disk 
Address = 0x00000002 - Page 1


Location: DISK
Action = Storing page in Disk 
Address = 0x00000004 - Page 2


Location: DISK
Action = Storing page in Disk 
Address = 0x00000006 - Page 3


Location: DISK
Action = Storing page in Disk 
Address = 0x00000008 - Page 4


Location: DISK
Action = Storing page in Disk 
Address = 0x0000000a - Page 5


Location: DISK
Action = Storing page in Disk 
Address = 0x0000000c - Page 6


Location: DISK
Action = Storing page in Disk 
Address = 0x0000000e - Page 7


Location: DISK
Action = Storing page in Disk 
Address = 0x00000010 - Page 8


Location: DISK
Action = Storing page in Disk 
Address = 0x00000012 - Page 9


Location: DISK
Action = Storing page in Disk 
Address = 0x00000014 - Page 10


Location: DISK
Action = Storing page in Disk 
Address = 0x00000016 - Page 11


Location: DISK
Action = Storing page in Disk 
Address = 0x00000018 - Page 12


Location: DISK
Action = Storing page in Disk 
Address = 0x0000001a - Page 13


Location: DISK
Action = Storing page in Disk 
Address = 0x0000001c - Page 14


Location: DISK
Action = Storing page in Disk 
Address = 0x0000001e - Page 15


----------------------- Step: 001 to 030 || Trace: 2 1b -----------------------

-----------------------    Beginning of translation   -----------------------

Location: PAGETABLE
Action = loading data in the Page Table 
Virtual Page = 0x0000000d

Location: TRANSLATION
Action = Translation Address  - Using = Page Table
|----------------------------------------------------|     |----------------------------------------------------|
|                  Virtual Address                   |     |                    Real Address                    |
|----------------------------------------------------|     |----------------------------------------------------|
|        Virtual Page          |PageOffSet|ByteOffSet| --> |           Frame Page         |PageOffSet|ByteOffSet|
|------------------------------|----------|----------|     |-----------------------------------------|----------|
| 00000000000000000000000001101|         1|       XX |     | 00000000000000000000000000111|         1|       XX |
|----------------------------------------------------|     |----------------------------------------------------|


-----------------------       End of translation        -----------------------

Location: MAINMEMORY
Action = Loading data from Main Memory  
Block = 15 


----------------------- Step: 002 to 030 || Trace: 2 28 -----------------------

-----------------------    Beginning of translation   -----------------------

Location: PAGETABLE
Action = loading data in the Page Table 
Virtual Page = 0x00000014

Location: TRANSLATION
Action = Translation Address  - Using = Page Table
|----------------------------------------------------|     |----------------------------------------------------|
|                  Virtual Address                   |     |                    Real Address                    |
|----------------------------------------------------|     |----------------------------------------------------|
|        Virtual Page          |PageOffSet|ByteOffSet| --> |           Frame Page         |PageOffSet|ByteOffSet|
|------------------------------|----------|----------|     |-----------------------------------------|----------|
| 00000000000000000000000010100|         0|       XX |     | 00000000000000000000000000000|         0|       XX |
|----------------------------------------------------|     |----------------------------------------------------|


-----------------------       End of translation        -----------------------

Location: MAINMEMORY
Action = Loading data from Main Memory  
Block = 0 


----------------------- Step: 003 to 030 || Trace: 2 c -----------------------

-----------------------    Beginning of translation   -----------------------

Location: PAGETABLE
Action = loading data in the Page Table 
Virtual Page = 0x00000006
Page Fault

----------------------      Beginning of paging        ----------------------

Location: DISK
Action = Loading page from Disk and store page in the aux vector 
|--------------------|       |--------------------|
|     aux vector     |  <--  |    disk    - Page 5|
|--------------------|       |--------------------|
|               xxxxx|       |          0x0000000c|
|--------------------|       |--------------------|
|               xxxxx|       |          0x0000000d|
|--------------------|       |--------------------|


Location: DISK
Action = Loading page from Main Memory and storing page in Disk 
|--------------------|       |--------------------|
|    disk    - Page 5|  <--  |Main Memory - Page 0|
|--------------------|       |--------------------|
|               xxxxx|       |          0x00000028|
|--------------------|       |--------------------|
|               xxxxx|       |          0x00000029|
|--------------------|       |--------------------|


Location: MAINMEMORY
Action = Store page in the Main Memory 
|--------------------|       |--------------------|
|Main Memory - Page 0|  <--  |     aux vector     |
|--------------------|       |--------------------|
|               xxxxx|       |          0x0000000c|
|--------------------|       |--------------------|
|               xxxxx|       |          0x0000000d|
|--------------------|       |--------------------|


Location: PAGETABLE
Action = Update the Page Table 
|--------------------|       |--------------------|
|          0x00000006|  <->  |          0x00000014|
|--------------------|       |--------------------|


----------------------         End of paging           ----------------------

Location: TRANSLATION
Action = Translation Address  - Using = Page Table
|----------------------------------------------------|     |----------------------------------------------------|
|                  Virtual Address                   |     |                    Real Address                    |
|----------------------------------------------------|     |----------------------------------------------------|
|        Virtual Page          |PageOffSet|ByteOffSet| --> |           Frame Page         |PageOffSet|ByteOffSet|
|------------------------------|----------|----------|     |-----------------------------------------|----------|
| 00000000000000000000000000110|         0|       XX |     | 00000000000000000000000000000|         0|       XX |
|----------------------------------------------------|     |----------------------------------------------------|


-----------------------       End of translation        -----------------------

Location: MAINMEMORY
Action = Loading data from Main Memory  
Block = 0 


----------------------- Step: 004 to 030 || Trace: 2 16 -----------------------

-----------------------    Beginning of translation   -----------------------

Location: PAGETABLE
Action = loading data in the Page Table 
Virtual Page = 0x0000000b

Location: TRANSLATION
Action = Translation Address  - Using = Page Table
|----------------------------------------------------|     |----------------------------------------------------|
|                  Virtual Address                   |     |                    Real Address                    |
|----------------------------------------------------|     |----------------------------------------------------|
|        Virtual Page          |PageOffSet|ByteOffSet| --> |           Frame Page         |PageOffSet|ByteOffSet|
|------------------------------|----------|----------|     |-----------------------------------------|----------|
| 00000000000000000000000001011|         0|       XX |     | 00000000000000000000000001111|         0|       XX |
|----------------------------------------------------|     |----------------------------------------------------|


-----------------------       End of translation        -----------------------

Location: MAINMEMORY
Action = Loading data from Main Memory  
Block = 30 


----------------------- Step: 005 to 030 || Trace: 2 3 -----------------------

-----------------------    Beginning of translation   -----------------------

Location: PAGETABLE
Action = loading data in the Page Table 
Virtual Page = 0x00000001

Location: TRANSLATION
Action = Translation Address  - Using = Page Table
|----------------------------------------------------|     |----------------------------------------------------|
|                  Virtual Address                   |     |                    Real Address                    |
|----------------------------------------------------|     |----------------------------------------------------|
|        Virtual Page          |PageOffSet|ByteOffSet| --> |           Frame Page         |PageOffSet|ByteOffSet|
|------------------------------|----------|----------|     |-----------------------------------------|----------|
| 00000000000000000000000000001|         1|       XX |     | 00000000000000000000000000100|         1|       XX |
|----------------------------------------------------|     |----------------------------------------------------|


-----------------------       End of translation        -----------------------

Location: MAINMEMORY
Action = Loading data from Main Memory  
Block = 9 


----------------------- Step: 006 to 030 || Trace: 2 23 -----------------------

-----------------------    Beginning of translation   -----------------------

Location: PAGETABLE
Action = loading data in the Page Table 
Virtual Page = 0x00000011
Page Fault

----------------------      Beginning of paging        ----------------------

Location: DISK
Action = Loading page from Disk and store page in the aux vector 
|--------------------|       |--------------------|
|     aux vector     |  <--  |    disk    - Page 4|
|--------------------|       |--------------------|
|               xxxxx|       |          0x00000022|
|--------------------|       |--------------------|
|               xxxxx|       |          0x00000023|
|--------------------|       |--------------------|


Location: DISK
Action = Loading page from Main Memory and storing page in Disk 
|--------------------|       |--------------------|
|    disk    - Page 4|  <--  |Main Memory - Page 1|
|--------------------|       |--------------------|
|               xxxxx|       |          0x00000020|
|--------------------|       |--------------------|
|               xxxxx|       |          0x00000021|
|--------------------|       |--------------------|


Location: MAINMEMORY
Action = Store page in the Main Memory 
|--------------------|       |--------------------|
|Main Memory - Page 1|  <--  |     aux vector     |
|--------------------|       |--------------------|
|               xxxxx|       |          0x00000022|
|--------------------|       |--------------------|
|               xxxxx|       |          0x00000023|
|--------------------|       |--------------------|


Location: PAGETABLE
Action = Update the Page Table 
|--------------------|       |--------------------|
|          0x00000011|  <->  |          0x00000010|
|--------------------|       |--------------------|


----------------------         End of paging           ----------------------

Location: TRANSLATION
Action = Translation Address  - Using = Page Table
|----------------------------------------------------|     |----------------------------------------------------|
|                  Virtual Address                   |     |                    Real Address                    |
|----------------------------------------------------|     |----------------------------------------------------|
|        Virtual Page          |PageOffSet|ByteOffSet| --> |           Frame Page         |PageOffSet|ByteOffSet|
|------------------------------|----------|----------|     |-----------------------------------------|----------|
| 00000000000000000000000010001|         1|       XX |     | 00000000000000000000000000001|         1|       XX |
|----------------------------------------------------|     |----------------------------------------------------|


-----------------------       End of translation        -----------------------

Location: MAINMEMORY
Action = Loading data from Main Memory  
Block = 3 


----------------------- Step: 007 to 030 || Trace: 2 7 -----------------------

-----------------------    Beginning of translation   -----------------------

Location: PAGETABLE
Action = loading data in the Page Table 
Virtual Page = 0x00000003
Page Fault

----------------------      Beginning of paging        ----------------------

Location: DISK
Action = Loading page from Disk and store page in the aux vector 
|--------------------|       |--------------------|
|     aux vector     |  <--  |    disk    - Page 3|
|--------------------|       |--------------------|
|               xxxxx|       |          0x00000006|
|--------------------|       |--------------------|
|               xxxxx|       |          0x00000007|
|--------------------|       |--------------------|


Location: DISK
Action = Loading page from Main Memory and storing page in Disk 
|--------------------|       |--------------------|
|    disk    - Page 3|  <--  |Main Memory - Page 2|
|--------------------|       |--------------------|
|               xxxxx|       |          0x0000002a|
|--------------------|       |--------------------|
|               xxxxx|       |          0x0000002b|
|--------------------|       |--------------------|


Location: MAINMEMORY
Action = Store page in the Main Memory 
|--------------------|       |--------------------|
|Main Memory - Page 2|  <--  |     aux vector     |
|--------------------|       |--------------------|
|               xxxxx|       |          0x00000006|
|--------------------|       |--------------------|
|               xxxxx|       |          0x00000007|
|--------------------|       |--------------------|


Location: PAGETABLE
Action = Update the Page Table 
|--------------------|       |--------------------|
|          0x00000003|  <->  |          0x00000015|
|--------------------|       |--------------------|


----------------------         End of paging           ----------------------

Location: TRANSLATION
Action = Translation Address  - Using = Page Table
|----------------------------------------------------|     |----------------------------------------------------|
|                  Virtual Address                   |     |                    Real Address                    |
|----------------------------------------------------|     |----------------------------------------------------|
|        Virtual Page          |PageOffSet|ByteOffSet| --> |           Frame Page         |PageOffSet|ByteOffSet|
|------------------------------|----------|----------|     |-----------------------------------------|----------|
| 00000000000000000000000000011|         1|       XX |     | 00000000000000000000000000010|         1|       XX |
|----------------------------------------------------|     |----------------------------------------------------|


-----------------------       End of translation        -----------------------

Location: MAINMEMORY
Action = Loading data from Main Memory  
Block = 5 


----------------------- Step: 008 to 030 || Trace: 2 19 -----------------------

-----------------------    Beginning of translation   -----------------------

Location: PAGETABLE
Action = loading data in the Page Table 
Virtual Page = 0x0000000c
Page Fault

----------------------      Beginning of paging        ----------------------

Location: DISK
Action = Loading page from Disk and store page in the aux vector 
|--------------------|       |--------------------|
|     aux vector     |  <--  |    disk    - Page 1|
|--------------------|       |--------------------|
|               xxxxx|       |          0x00000018|
|--------------------|       |--------------------|
|               xxxxx|       |          0x00000019|
|--------------------|       |--------------------|


Location: DISK
Action = Loading page from Main Memory and storing page in Disk 
|--------------------|       |--------------------|
|    disk    - Page 1|  <--  |Main Memory - Page 3|
|--------------------|       |--------------------|
|               xxxxx|       |          0x0000001e|
|--------------------|       |--------------------|
|               xxxxx|       |          0x0000001f|
|--------------------|       |--------------------|


Location: MAINMEMORY
Action = Store page in the Main Memory 
|--------------------|       |--------------------|
|Main Memory - Page 3|  <--  |     aux vector     |
|--------------------|       |--------------------|
|               xxxxx|       |          0x00000018|
|--------------------|       |--------------------|
|               xxxxx|       |          0x00000019|
|--------------------|       |--------------------|


Location: PAGETABLE
Action = Update the Page Table 
|--------------------|       |--------------------|
|          0x0000000c|  <->  |          0x0000000f|
|--------------------|       |--------------------|


----------------------         End of paging           ----------------------

Location: TRANSLATION
Action = Translation Address  - Using = Page Table
|----------------------------------------------------|     |----------------------------------------------------|
|                  Virtual Address                   |     |                    Real Address                    |
|----------------------------------------------------|     |----------------------------------------------------|
|        Virtual Page          |PageOffSet|ByteOffSet| --> |           Frame Page         |PageOffSet|ByteOffSet|
|------------------------------|----------|----------|     |-----------------------------------------|----------|
| 00000000000000000000000001100|         1|       XX |     | 00000000000000000000000000011|         1|       XX |
|----------------------------------------------------|     |----------------------------------------------------|


-----------------------       End of translation        -----------------------

Location: MAINMEMORY
Action = Loading data from Main Memory  
Block = 7 


----------------------- Step: 009 to 030 || Trace: 2 f -----------------------

-----------------------    Beginning of translation   -----------------------

Location: PAGETABLE
Action = loading data in the Page Table 
Virtual Page = 0x00000007

Location: TRANSLATION
Action = Translation Address  - Using = Page Table
|----------------------------------------------------|     |----------------------------------------------------|
|                  Virtual Address                   |     |                    Real Address                    |
|----------------------------------------------------|     |----------------------------------------------------|
|        Virtual Page          |PageOffSet|ByteOffSet| --> |           Frame Page         |PageOffSet|ByteOffSet|
|------------------------------|----------|----------|     |-----------------------------------------|----------|
| 00000000000000000000000000111|         1|       XX |     | 00000000000000000000000000101|         1|       XX |
|----------------------------------------------------|     |----------------------------------------------------|


-----------------------       End of translation        -----------------------

Location: MAINMEMORY
Action = Loading data from Main Memory  
Block = 11 


----------------------- Step: 010 to 030 || Trace: 2 a -----------------------

-----------------------    Beginning of translation   -----------------------

Location: PAGETABLE
Action = loading data in the Page Table 
Virtual Page = 0x00000005

Location: TRANSLATION
Action = Translation Address  - Using = Page Table
|----------------------------------------------------|     |----------------------------------------------------|
|                  Virtual Address                   |     |                    Real Address                    |
|----------------------------------------------------|     |----------------------------------------------------|
|        Virtual Page          |PageOffSet|ByteOffSet| --> |           Frame Page         |PageOffSet|ByteOffSet|
|------------------------------|----------|----------|     |-----------------------------------------|----------|
| 00000000000000000000000000101|         0|       XX |     | 00000000000000000000000001000|         0|       XX |
|----------------------------------------------------|     |----------------------------------------------------|


-----------------------       End of translation        -----------------------

Location: MAINMEMORY
Action = Loading data from Main Memory  
Block = 16 


----------------------- Step: 011 to 030 || Trace: 2 1c -----------------------

-----------------------    Beginning of translation   -----------------------

Location: PAGETABLE
Action = loading data in the Page Table 
Virtual Page = 0x0000000e

Location: TRANSLATION
Action = Translation Address  - Using = Page Table
|----------------------------------------------------|     |----------------------------------------------------|
|                  Virtual Address                   |     |                    Real Address                    |
|----------------------------------------------------|     |----------------------------------------------------|
|        Virtual Page          |PageOffSet|ByteOffSet| --> |           Frame Page         |PageOffSet|ByteOffSet|
|------------------------------|----------|----------|     |-----------------------------------------|----------|
| 00000000000000000000000001110|         0|       XX |     | 00000000000000000000000001110|         0|       XX |
|----------------------------------------------------|     |----------------------------------------------------|


-----------------------       End of translation        -----------------------

Location: MAINMEMORY
Action = Loading data from Main Memory  
Block = 28 


----------------------- Step: 012 to 030 || Trace: 2 d -----------------------

-----------------------    Beginning of translation   -----------------------

Location: PAGETABLE
Action = loading data in the Page Table 
Virtual Page = 0x00000006

Location: TRANSLATION
Action = Translation Address  - Using = Page Table
|----------------------------------------------------|     |----------------------------------------------------|
|                  Virtual Address                   |     |                    Real Address                    |
|----------------------------------------------------|     |----------------------------------------------------|
|        Virtual Page          |PageOffSet|ByteOffSet| --> |           Frame Page         |PageOffSet|ByteOffSet|
|------------------------------|----------|----------|     |-----------------------------------------|----------|
| 00000000000000000000000000110|         1|       XX |     | 00000000000000000000000000000|         1|       XX |
|----------------------------------------------------|     |----------------------------------------------------|


-----------------------       End of translation        -----------------------

Location: MAINMEMORY
Action = Loading data from Main Memory  
Block = 1 


----------------------- Step: 013 to 030 || Trace: 2 2a -----------------------

-----------------------    Beginning of translation   -----------------------

Location: PAGETABLE
Action = loading data in the Page Table 
Virtual Page = 0x00000015
Page Fault

----------------------      Beginning of paging        ----------------------

Location: DISK
Action = Loading page from Disk and store page in the aux vector 
|--------------------|       |--------------------|
|     aux vector     |  <--  |    disk    - Page 3|
|--------------------|       |--------------------|
|               xxxxx|       |          0x0000002a|
|--------------------|       |--------------------|
|               xxxxx|       |          0x0000002b|
|--------------------|       |--------------------|


Location: DISK
Action = Loading page from Main Memory and storing page in Disk 
|--------------------|       |--------------------|
|    disk    - Page 3|  <--  |Main Memory - Page 4|
|--------------------|       |--------------------|
|               xxxxx|       |          0x00000002|
|--------------------|       |--------------------|
|               xxxxx|       |          0x00000003|
|--------------------|       |--------------------|


Location: MAINMEMORY
Action = Store page in the Main Memory 
|--------------------|       |--------------------|
|Main Memory - Page 4|  <--  |     aux vector     |
|--------------------|       |--------------------|
|               xxxxx|       |          0x0000002a|
|--------------------|       |--------------------|
|               xxxxx|       |          0x0000002b|
|--------------------|       |--------------------|


Location: PAGETABLE
Action = Update the Page Table 
|--------------------|       |--------------------|
|          0x00000015|  <->  |          0x00000001|
|--------------------|       |--------------------|


----------------------         End of paging           ----------------------

Location: TRANSLATION
Action = Translation Address  - Using = Page Table
|----------------------------------------------------|     |----------------------------------------------------|
|                  Virtual Address                   |     |                    Real Address                    |
|----------------------------------------------------|     |----------------------------------------------------|
|        Virtual Page          |PageOffSet|ByteOffSet| --> |           Frame Page         |PageOffSet|ByteOffSet|
|------------------------------|----------|----------|     |-----------------------------------------|----------|
| 00000000000000000000000010101|         0|       XX |     | 00000000000000000000000000100|         0|       XX |
|----------------------------------------------------|     |----------------------------------------------------|


-----------------------       End of translation        -----------------------

Location: MAINMEMORY
Action = Loading data from Main Memory  
Block = 8 


----------------------- Step: 014 to 030 || Trace: 2 2 -----------------------

-----------------------    Beginning of translation   -----------------------

Location: PAGETABLE
Action = loading data in the Page Table 
Virtual Page = 0x00000001
Page Fault

----------------------      Beginning of paging        ----------------------

Location: DISK
Action = Loading page from Disk and store page in the aux vector 
|--------------------|       |--------------------|
|     aux vector     |  <--  |    disk    - Page 3|
|--------------------|       |--------------------|
|               xxxxx|       |          0x00000002|
|--------------------|       |--------------------|
|               xxxxx|       |          0x00000003|
|--------------------|       |--------------------|


Location: DISK
Action = Loading page from Main Memory and storing page in Disk 
|--------------------|       |--------------------|
|    disk    - Page 3|  <--  |Main Memory - Page 5|
|--------------------|       |--------------------|
|               xxxxx|       |          0x0000000e|
|--------------------|       |--------------------|
|               xxxxx|       |          0x0000000f|
|--------------------|       |--------------------|


Location: MAINMEMORY
Action = Store page in the Main Memory 
|--------------------|       |--------------------|
|Main Memory - Page 5|  <--  |     aux vector     |
|--------------------|       |--------------------|
|               xxxxx|       |          0x00000002|
|--------------------|       |--------------------|
|               xxxxx|       |          0x00000003|
|--------------------|       |--------------------|


Location: PAGETABLE
Action = Update the Page Table 
|--------------------|       |--------------------|
|          0x00000001|  <->  |          0x00000007|
|--------------------|       |--------------------|


----------------------         End of paging           ----------------------

Location: TRANSLATION
Action = Translation Address  - Using = Page Table
|----------------------------------------------------|     |----------------------------------------------------|
|                  Virtual Address                   |     |                    Real Address                    |
|----------------------------------------------------|     |----------------------------------------------------|
|        Virtual Page          |PageOffSet|ByteOffSet| --> |           Frame Page         |PageOffSet|ByteOffSet|
|------------------------------|----------|----------|     |-----------------------------------------|----------|
| 00000000000000000000000000001|         0|       XX |     | 00000000000000000000000000101|         0|       XX |
|----------------------------------------------------|     |----------------------------------------------------|


-----------------------       End of translation        -----------------------

Location: MAINMEMORY
Action = Loading data from Main Memory  
Block = 10 


----------------------- Step: 015 to 030 || Trace: 2 1a -----------------------

-----------------------    Beginning of translation   -----------------------

Location: PAGETABLE
Action = loading data in the Page Table 
Virtual Page = 0x0000000d

Location: TRANSLATION
Action = Translation Address  - Using = Page Table
|----------------------------------------------------|     |----------------------------------------------------|
|                  Virtual Address                   |     |                    Real Address                    |
|----------------------------------------------------|     |----------------------------------------------------|
|        Virtual Page          |PageOffSet|ByteOffSet| --> |           Frame Page         |PageOffSet|ByteOffSet|
|------------------------------|----------|----------|     |-----------------------------------------|----------|
| 00000000000000000000000001101|         0|       XX |     | 00000000000000000000000000111|         0|       XX |
|----------------------------------------------------|     |----------------------------------------------------|


-----------------------       End of translation        -----------------------

Location: MAINMEMORY
Action = Loading data from Main Memory  
Block = 14 


----------------------- Step: 016 to 030 || Trace: 2 11 -----------------------

-----------------------    Beginning of translation   -----------------------

Location: PAGETABLE
Action = loading data in the Page Table 
Virtual Page = 0x00000008

Location: TRANSLATION
Action = Translation Address  - Using = Page Table
|----------------------------------------------------|     |----------------------------------------------------|
|                  Virtual Address                   |     |                    Real Address                    |
|----------------------------------------------------|     |----------------------------------------------------|
|        Virtual Page          |PageOffSet|ByteOffSet| --> |           Frame Page         |PageOffSet|ByteOffSet|
|------------------------------|----------|----------|     |-----------------------------------------|----------|
| 00000000000000000000000001000|         1|       XX |     | 00000000000000000000000001100|         1|       XX |
|----------------------------------------------------|     |----------------------------------------------------|


-----------------------       End of translation        -----------------------

Location: MAINMEMORY
Action = Loading data from Main Memory  
Block = 25 


----------------------- Step: 017 to 030 || Trace: 2 f -----------------------

-----------------------    Beginning of translation   -----------------------

Location: PAGETABLE
Action = loading data in the Page Table 
Virtual Page = 0x00000007
Page Fault

----------------------      Beginning of paging        ----------------------

Location: DISK
Action = Loading page from Disk and store page in the aux vector 
|--------------------|       |--------------------|
|     aux vector     |  <--  |    disk    - Page 3|
|--------------------|       |--------------------|
|               xxxxx|       |          0x0000000e|
|--------------------|       |--------------------|
|               xxxxx|       |          0x0000000f|
|--------------------|       |--------------------|


Location: DISK
Action = Loading page from Main Memory and storing page in Disk 
|--------------------|       |--------------------|
|    disk    - Page 3|  <--  |Main Memory - Page 6|
|--------------------|       |--------------------|
|               xxxxx|       |          0x00000014|
|--------------------|       |--------------------|
|               xxxxx|       |          0x00000015|
|--------------------|       |--------------------|


Location: MAINMEMORY
Action = Store page in the Main Memory 
|--------------------|       |--------------------|
|Main Memory - Page 6|  <--  |     aux vector     |
|--------------------|       |--------------------|
|               xxxxx|       |          0x0000000e|
|--------------------|       |--------------------|
|               xxxxx|       |          0x0000000f|
|--------------------|       |--------------------|


Location: PAGETABLE
Action = Update the Page Table 
|--------------------|       |--------------------|
|          0x00000007|  <->  |          0x0000000a|
|--------------------|       |--------------------|


----------------------         End of paging           ----------------------

Location: TRANSLATION
Action = Translation Address  - Using = Page Table
|----------------------------------------------------|     |----------------------------------------------------|
|                  Virtual Address                   |     |                    Real Address                    |
|----------------------------------------------------|     |----------------------------------------------------|
|        Virtual Page          |PageOffSet|ByteOffSet| --> |           Frame Page         |PageOffSet|ByteOffSet|
|------------------------------|----------|----------|     |-----------------------------------------|----------|
| 00000000000000000000000000111|         1|       XX |     | 00000000000000000000000000110|         1|       XX |
|----------------------------------------------------|     |----------------------------------------------------|


-----------------------       End of translation        -----------------------

Location: MAINMEMORY
Action = Loading data from Main Memory  
Block = 13 


----------------------- Step: 018 to 030 || Trace: 2 14 -----------------------

-----------------------    Beginning of translation   -----------------------

Location: PAGETABLE
Action = loading data in the Page Table 
Virtual Page = 0x0000000a
Page Fault

----------------------      Beginning of paging        ----------------------

Location: DISK
Action = Loading page from Disk and store page in the aux vector 
|--------------------|       |--------------------|
|     aux vector     |  <--  |    disk    - Page 3|
|--------------------|       |--------------------|
|               xxxxx|       |          0x00000014|
|--------------------|       |--------------------|
|               xxxxx|       |          0x00000015|
|--------------------|       |--------------------|


Location: DISK
Action = Loading page from Main Memory and storing page in Disk 
|--------------------|       |--------------------|
|    disk    - Page 3|  <--  |Main Memory - Page 7|
|--------------------|       |--------------------|
|               xxxxx|       |          0x0000001a|
|--------------------|       |--------------------|
|               xxxxx|       |          0x0000001b|
|--------------------|       |--------------------|


Location: MAINMEMORY
Action = Store page in the Main Memory 
|--------------------|       |--------------------|
|Main Memory - Page 7|  <--  |     aux vector     |
|--------------------|       |--------------------|
|               xxxxx|       |          0x00000014|
|--------------------|       |--------------------|
|               xxxxx|       |          0x00000015|
|--------------------|       |--------------------|


Location: PAGETABLE
Action = Update the Page Table 
|--------------------|       |--------------------|
|          0x0000000a|  <->  |          0x0000000d|
|--------------------|       |--------------------|


----------------------         End of paging           ----------------------

Location: TRANSLATION
Action = Translation Address  - Using = Page Table
|----------------------------------------------------|     |----------------------------------------------------|
|                  Virtual Address                   |     |                    Real Address                    |
|----------------------------------------------------|     |----------------------------------------------------|
|        Virtual Page          |PageOffSet|ByteOffSet| --> |           Frame Page         |PageOffSet|ByteOffSet|
|------------------------------|----------|----------|     |-----------------------------------------|----------|
| 00000000000000000000000001010|         0|       XX |     | 00000000000000000000000000111|         0|       XX |
|----------------------------------------------------|     |----------------------------------------------------|


-----------------------       End of translation        -----------------------

Location: MAINMEMORY
Action = Loading data from Main Memory  
Block = 14 


----------------------- Step: 019 to 030 || Trace: 2 e -----------------------

-----------------------    Beginning of translation   -----------------------

Location: PAGETABLE
Action = loading data in the Page Table 
Virtual Page = 0x00000007

Location: TRANSLATION
Action = Translation Address  - Using = Page Table
|----------------------------------------------------|     |----------------------------------------------------|
|                  Virtual Address                   |     |                    Real Address                    |
|----------------------------------------------------|     |----------------------------------------------------|
|        Virtual Page          |PageOffSet|ByteOffSet| --> |           Frame Page         |PageOffSet|ByteOffSet|
|------------------------------|----------|----------|     |-----------------------------------------|----------|
| 00000000000000000000000000111|         0|       XX |     | 00000000000000000000000000110|         0|       XX |
|----------------------------------------------------|     |----------------------------------------------------|


-----------------------       End of translation        -----------------------

Location: MAINMEMORY
Action = Loading data from Main Memory  
Block = 12 


----------------------- Step: 020 to 030 || Trace: 2 25 -----------------------

-----------------------    Beginning of translation   -----------------------

Location: PAGETABLE
Action = loading data in the Page Table 
Virtual Page = 0x00000012

Location: TRANSLATION
Action = Translation Address  - Using = Page Table
|----------------------------------------------------|     |----------------------------------------------------|
|                  Virtual Address                   |     |                    Real Address                    |
|----------------------------------------------------|     |----------------------------------------------------|
|        Virtual Page          |PageOffSet|ByteOffSet| --> |           Frame Page         |PageOffSet|ByteOffSet|
|------------------------------|----------|----------|     |-----------------------------------------|----------|
| 00000000000000000000000010010|         1|       XX |     | 00000000000000000000000001011|         1|       XX |
|----------------------------------------------------|     |----------------------------------------------------|


-----------------------       End of translation        -----------------------

Location: MAINMEMORY
Action = Loading data from Main Memory  
Block = 23 


----------------------- Step: 021 to 030 || Trace: 2 a -----------------------

-----------------------    Beginning of translation   -----------------------

Location: PAGETABLE
Action = loading data in the Page Table 
Virtual Page = 0x00000005

Location: TRANSLATION
Action = Translation Address  - Using = Page Table
|----------------------------------------------------|     |----------------------------------------------------|
|                  Virtual Address                   |     |                    Real Address                    |
|----------------------------------------------------|     |----------------------------------------------------|
|        Virtual Page          |PageOffSet|ByteOffSet| --> |           Frame Page         |PageOffSet|ByteOffSet|
|------------------------------|----------|----------|     |-----------------------------------------|----------|
| 00000000000000000000000000101|         0|       XX |     | 00000000000000000000000001000|         0|       XX |
|----------------------------------------------------|     |----------------------------------------------------|


-----------------------       End of translation        -----------------------

Location: MAINMEMORY
Action = Loading data from Main Memory  
Block = 16 


----------------------- Step: 022 to 030 || Trace: 2 1c -----------------------

-----------------------    Beginning of translation   -----------------------

Location: PAGETABLE
Action = loading data in the Page Table 
Virtual Page = 0x0000000e

Location: TRANSLATION
Action = Translation Address  - Using = Page Table
|----------------------------------------------------|     |----------------------------------------------------|
|                  Virtual Address                   |     |                    Real Address                    |
|----------------------------------------------------|     |----------------------------------------------------|
|        Virtual Page          |PageOffSet|ByteOffSet| --> |           Frame Page         |PageOffSet|ByteOffSet|
|------------------------------|----------|----------|     |-----------------------------------------|----------|
| 00000000000000000000000001110|         0|       XX |     | 00000000000000000000000001110|         0|       XX |
|----------------------------------------------------|     |----------------------------------------------------|


-----------------------       End of translation        -----------------------

Location: MAINMEMORY
Action = Loading data from Main Memory  
Block = 28 


----------------------- Step: 023 to 030 || Trace: 2 6 -----------------------

-----------------------    Beginning of translation   -----------------------

Location: PAGETABLE
Action = loading data in the Page Table 
Virtual Page = 0x00000003

Location: TRANSLATION
Action = Translation Address  - Using = Page Table
|----------------------------------------------------|     |----------------------------------------------------|
|                  Virtual Address                   |     |                    Real Address                    |
|----------------------------------------------------|     |----------------------------------------------------|
|        Virtual Page          |PageOffSet|ByteOffSet| --> |           Frame Page         |PageOffSet|ByteOffSet|
|------------------------------|----------|----------|     |-----------------------------------------|----------|
| 00000000000000000000000000011|         0|       XX |     | 00000000000000000000000000010|         0|       XX |
|----------------------------------------------------|     |----------------------------------------------------|


-----------------------       End of translation        -----------------------

Location: MAINMEMORY
Action = Loading data from Main Memory  
Block = 4 


----------------------- Step: 024 to 030 || Trace: 2 b -----------------------

-----------------------    Beginning of translation   -----------------------

Location: PAGETABLE
Action = loading data in the Page Table 
Virtual Page = 0x00000005

Location: TRANSLATION
Action = Translation Address  - Using = Page Table
|----------------------------------------------------|     |----------------------------------------------------|
|                  Virtual Address                   |     |                    Real Address                    |
|----------------------------------------------------|     |----------------------------------------------------|
|        Virtual Page          |PageOffSet|ByteOffSet| --> |           Frame Page         |PageOffSet|ByteOffSet|
|------------------------------|----------|----------|     |-----------------------------------------|----------|
| 00000000000000000000000000101|         1|       XX |     | 00000000000000000000000001000|         1|       XX |
|----------------------------------------------------|     |----------------------------------------------------|


-----------------------       End of translation        -----------------------

Location: MAINMEMORY
Action = Loading data from Main Memory  
Block = 17 


----------------------- Step: 025 to 030 || Trace: 2 29 -----------------------

-----------------------    Beginning of translation   -----------------------

Location: PAGETABLE
Action = loading data in the Page Table 
Virtual Page = 0x00000014
Page Fault

----------------------      Beginning of paging        ----------------------

Location: DISK
Action = Loading page from Disk and store page in the aux vector 
|--------------------|       |--------------------|
|     aux vector     |  <--  |    disk    - Page 5|
|--------------------|       |--------------------|
|               xxxxx|       |          0x00000028|
|--------------------|       |--------------------|
|               xxxxx|       |          0x00000029|
|--------------------|       |--------------------|


Location: DISK
Action = Loading page from Main Memory and storing page in Disk 
|--------------------|       |--------------------|
|    disk    - Page 5|  <--  |Main Memory - Page 8|
|--------------------|       |--------------------|
|               xxxxx|       |          0x0000000a|
|--------------------|       |--------------------|
|               xxxxx|       |          0x0000000b|
|--------------------|       |--------------------|


Location: MAINMEMORY
Action = Store page in the Main Memory 
|--------------------|       |--------------------|
|Main Memory - Page 8|  <--  |     aux vector     |
|--------------------|       |--------------------|
|               xxxxx|       |          0x00000028|
|--------------------|       |--------------------|
|               xxxxx|       |          0x00000029|
|--------------------|       |--------------------|


Location: PAGETABLE
Action = Update the Page Table 
|--------------------|       |--------------------|
|          0x00000014|  <->  |          0x00000005|
|--------------------|       |--------------------|


----------------------         End of paging           ----------------------

Location: TRANSLATION
Action = Translation Address  - Using = Page Table
|----------------------------------------------------|     |----------------------------------------------------|
|                  Virtual Address                   |     |                    Real Address                    |
|----------------------------------------------------|     |----------------------------------------------------|
|        Virtual Page          |PageOffSet|ByteOffSet| --> |           Frame Page         |PageOffSet|ByteOffSet|
|------------------------------|----------|----------|     |-----------------------------------------|----------|
| 00000000000000000000000010100|         1|       XX |     | 00000000000000000000000001000|         1|       XX |
|----------------------------------------------------|     |----------------------------------------------------|


-----------------------       End of translation        -----------------------

Location: MAINMEMORY
Action = Loading data from Main Memory  
Block = 17 


----------------------- Step: 026 to 030 || Trace: 2 2b -----------------------

-----------------------    Beginning of translation   -----------------------

Location: PAGETABLE
Action = loading data in the Page Table 
Virtual Page = 0x00000015

Location: TRANSLATION
Action = Translation Address  - Using = Page Table
|----------------------------------------------------|     |----------------------------------------------------|
|                  Virtual Address                   |     |                    Real Address                    |
|----------------------------------------------------|     |----------------------------------------------------|
|        Virtual Page          |PageOffSet|ByteOffSet| --> |           Frame Page         |PageOffSet|ByteOffSet|
|------------------------------|----------|----------|     |-----------------------------------------|----------|
| 00000000000000000000000010101|         1|       XX |     | 00000000000000000000000000100|         1|       XX |
|----------------------------------------------------|     |----------------------------------------------------|


-----------------------       End of translation        -----------------------

Location: MAINMEMORY
Action = Loading data from Main Memory  
Block = 9 


----------------------- Step: 027 to 030 || Trace: 2 1d -----------------------

-----------------------    Beginning of translation   -----------------------

Location: PAGETABLE
Action = loading data in the Page Table 
Virtual Page = 0x0000000e

Location: TRANSLATION
Action = Translation Address  - Using = Page Table
|----------------------------------------------------|     |----------------------------------------------------|
|                  Virtual Address                   |     |                    Real Address                    |
|----------------------------------------------------|     |----------------------------------------------------|
|        Virtual Page          |PageOffSet|ByteOffSet| --> |           Frame Page         |PageOffSet|ByteOffSet|
|------------------------------|----------|----------|     |-----------------------------------------|----------|
| 00000000000000000000000001110|         1|       XX |     | 00000000000000000000000001110|         1|       XX |
|----------------------------------------------------|     |----------------------------------------------------|


-----------------------       End of translation        -----------------------

Location: MAINMEMORY
Action = Loading data from Main Memory  
Block = 29 


----------------------- Step: 028 to 030 || Trace: 2 b -----------------------

-----------------------    Beginning of translation   -----------------------

Location: PAGETABLE
Action = loading data in the Page Table 
Virtual Page = 0x00000005
Page Fault

----------------------      Beginning of paging        ----------------------

Location: DISK
Action = Loading page from Disk and store page in the aux vector 
|--------------------|       |--------------------|
|     aux vector     |  <--  |    disk    - Page 5|
|--------------------|       |--------------------|
|               xxxxx|       |          0x0000000a|
|--------------------|       |--------------------|
|               xxxxx|       |          0x0000000b|
|--------------------|       |--------------------|


Location: DISK
Action = Loading page from Main Memory and storing page in Disk 
|--------------------|       |--------------------|
|    disk    - Page 5|  <--  |Main Memory - Page 9|
|--------------------|       |--------------------|
|               xxxxx|       |          0x00000026|
|--------------------|       |--------------------|
|               xxxxx|       |          0x00000027|
|--------------------|       |--------------------|


Location: MAINMEMORY
Action = Store page in the Main Memory 
|--------------------|       |--------------------|
|Main Memory - Page 9|  <--  |     aux vector     |
|--------------------|       |--------------------|
|               xxxxx|       |          0x0000000a|
|--------------------|       |--------------------|
|               xxxxx|       |          0x0000000b|
|--------------------|       |--------------------|


Location: PAGETABLE
Action = Update the Page Table 
|--------------------|       |--------------------|
|          0x00000005|  <->  |          0x00000013|
|--------------------|       |--------------------|


----------------------         End of paging           ----------------------

Location: TRANSLATION
Action = Translation Address  - Using = Page Table
|----------------------------------------------------|     |----------------------------------------------------|
|                  Virtual Address                   |     |                    Real Address                    |
|----------------------------------------------------|     |----------------------------------------------------|
|        Virtual Page          |PageOffSet|ByteOffSet| --> |           Frame Page         |PageOffSet|ByteOffSet|
|------------------------------|----------|----------|     |-----------------------------------------|----------|
| 00000000000000000000000000101|         1|       XX |     | 00000000000000000000000001001|         1|       XX |
|----------------------------------------------------|     |----------------------------------------------------|


-----------------------       End of translation        -----------------------

Location: MAINMEMORY
Action = Loading data from Main Memory  
Block = 19 


----------------------- Step: 029 to 030 || Trace: 2 1c -----------------------

-----------------------    Beginning of translation   -----------------------

Location: PAGETABLE
Action = loading data in the Page Table 
Virtual Page = 0x0000000e

Location: TRANSLATION
Action = Translation Address  - Using = Page Table
|----------------------------------------------------|     |----------------------------------------------------|
|                  Virtual Address                   |     |                    Real Address                    |
|----------------------------------------------------|     |----------------------------------------------------|
|        Virtual Page          |PageOffSet|ByteOffSet| --> |           Frame Page         |PageOffSet|ByteOffSet|
|------------------------------|----------|----------|     |-----------------------------------------|----------|
| 00000000000000000000000001110|         0|       XX |     | 00000000000000000000000001110|         0|       XX |
|----------------------------------------------------|     |----------------------------------------------------|


-----------------------       End of translation        -----------------------

Location: MAINMEMORY
Action = Loading data from Main Memory  
Block = 28 


----------------------- Step: 030 to 030 || Trace: 2 5 -----------------------

-----------------------    Beginning of translation   -----------------------

Location: PAGETABLE
Action = loading data in the Page Table 
Virtual Page = 0x00000002
Page Fault

----------------------      Beginning of paging        ----------------------

Location: DISK
Action = Loading page from Disk and store page in the aux vector 
|--------------------|       |--------------------|
|     aux vector     |  <--  |    disk    - Page 2|
|--------------------|       |--------------------|
|               xxxxx|       |          0x00000004|
|--------------------|       |--------------------|
|               xxxxx|       |          0x00000005|
|--------------------|       |--------------------|


Location: DISK
Action = Loading page from Main Memory and storing page in Disk 
|--------------------|       |--------------------|
|    disk    - Page 2|  <--  |Main Memory - Page10|
|--------------------|       |--------------------|
|               xxxxx|       |          0x00000000|
|--------------------|       |--------------------|
|               xxxxx|       |          0x00000001|
|--------------------|       |--------------------|


Location: MAINMEMORY
Action = Store page in the Main Memory 
|--------------------|       |--------------------|
|Main Memory - Page10|  <--  |     aux vector     |
|--------------------|       |--------------------|
|               xxxxx|       |          0x00000004|
|--------------------|       |--------------------|
|               xxxxx|       |          0x00000005|
|--------------------|       |--------------------|


Location: PAGETABLE
Action = Update the Page Table 
|--------------------|       |--------------------|
|          0x00000002|  <->  |          0x00000000|
|--------------------|       |--------------------|


----------------------         End of paging           ----------------------

Location: TRANSLATION
Action = Translation Address  - Using = Page Table
|----------------------------------------------------|     |----------------------------------------------------|
|                  Virtual Address                   |     |                    Real Address                    |
|----------------------------------------------------|     |----------------------------------------------------|
|        Virtual Page          |PageOffSet|ByteOffSet| --> |           Frame Page         |PageOffSet|ByteOffSet|
|------------------------------|----------|----------|     |-----------------------------------------|----------|
| 00000000000000000000000000010|         1|       XX |     | 00000000000000000000000001010|         1|       XX |
|----------------------------------------------------|     |----------------------------------------------------|


-----------------------       End of translation        -----------------------

Location: MAINMEMORY
Action = Loading data from Main Memory  
Block = 21 


------------------------------
---       Statistics       ---
------------------------------

Main Memory
  Read Access: 104
  Read Cycles: 104
  Read Time: 1040
  Write Access: 66
  Write Cycles: 132
  Write Time: 1320
  Total Access: 170
  Total Time: 2360

Disk
  Read Access: 11
  Read Cycles: 11
  Read Time: 1100
  Write Access: 11
  Write Cycles: 22
  Write Time: 2200
  Total Time: 3300

Page Table
  Read Access: 30
  Read Cycles: 30
  Read Time: 300
  Write Access: 22
  Write Cycles: 44
  Write Time: 440
  Total Access: 30
  Page Fault: 11
  Total Time: 740

 Total Time: 5660